2016-04-09 06:01:33,557 [Worker-12] INFO  o.e.m.c.i.l.LifecycleMappingFactory - Using org.maven.ide.eclipse.wtp.WarLifecycleMapping lifecycle mapping for MavenProject: com.springmvc:qlcb:1.0.0-BUILD-SNAPSHOT @ E:\Term 8\J2EE\Quan-Ly-Can-Bo-Thanh-Doan\source\qlcb\pom.xml.
2016-04-09 06:01:40,310 [Worker-12] WARN  o.e.m.c.i.embedder.EclipseLogger - Using platform encoding (Cp1252 actually) to copy filtered resources, i.e. build is platform dependent!
2016-04-09 06:01:40,340 [Worker-12] INFO  o.e.m.c.i.embedder.EclipseLogger - Copying 1 resource
2016-04-09 06:01:40,360 [Worker-12] WARN  o.e.m.c.i.embedder.EclipseLogger - Using platform encoding (Cp1252 actually) to copy filtered resources, i.e. build is platform dependent!
2016-04-09 06:01:40,380 [Worker-12] INFO  o.e.m.c.i.embedder.EclipseLogger - Copying 1 resource
2016-04-09 06:01:45,094 [Worker-15] WARN  o.e.m.c.i.embedder.EclipseLogger - Using platform encoding (Cp1252 actually) to copy filtered resources, i.e. build is platform dependent!
2016-04-09 06:01:45,102 [Worker-15] INFO  o.e.m.c.i.embedder.EclipseLogger - Copying 1 resource
2016-04-09 06:01:45,108 [Worker-15] WARN  o.e.m.c.i.embedder.EclipseLogger - Using platform encoding (Cp1252 actually) to copy filtered resources, i.e. build is platform dependent!
2016-04-09 06:01:45,134 [Worker-15] INFO  o.e.m.c.i.embedder.EclipseLogger - Copying 1 resource
2016-04-09 06:07:24,035 [Worker-20] INFO  o.e.m.c.i.l.LifecycleMappingFactory - Using org.maven.ide.eclipse.wtp.WarLifecycleMapping lifecycle mapping for MavenProject: com.springmvc:qlcb:1.0.0-BUILD-SNAPSHOT @ E:\Term 8\J2EE\Quan-Ly-Can-Bo-Thanh-Doan\source\qlcb\pom.xml.
2016-04-09 06:07:25,772 [Worker-20] INFO  o.e.m.c.i.e.AbstractTransferListenerAdapter - Downloading https://repo.maven.apache.org/maven2/org/springframework/spring/2.5.6/spring-2.5.6.pom
2016-04-09 06:07:26,020 [Worker-20] INFO  o.e.m.c.i.e.AbstractTransferListenerAdapter - Downloaded https://repo.maven.apache.org/maven2/org/springframework/spring/2.5.6/spring-2.5.6.pom
2016-04-09 06:07:26,315 [Worker-20] WARN  o.e.m.c.i.embedder.EclipseLogger - The POM for org.springframework:spring-messaging:jar:3.1.1.RELEASE is missing, no dependency information available
2016-04-09 06:07:26,655 [Worker-20] INFO  o.e.m.c.i.e.AbstractTransferListenerAdapter - Downloading https://repo.maven.apache.org/maven2/org/springframework/spring/2.5.6/spring-2.5.6.jar
2016-04-09 06:07:29,511 [Worker-20] INFO  o.e.m.c.i.e.AbstractTransferListenerAdapter - Downloaded https://repo.maven.apache.org/maven2/org/springframework/spring/2.5.6/spring-2.5.6.jar
2016-04-09 06:07:29,917 [Worker-20] WARN  o.e.m.c.i.embedder.EclipseLogger - The POM for org.springframework:spring-messaging:jar:3.1.1.RELEASE is missing, no dependency information available
2016-04-09 06:07:30,980 [Worker-20] WARN  o.e.m.c.i.embedder.EclipseLogger - Using platform encoding (Cp1252 actually) to copy filtered resources, i.e. build is platform dependent!
2016-04-09 06:07:30,999 [Worker-20] INFO  o.e.m.c.i.embedder.EclipseLogger - Copying 0 resource
2016-04-09 06:07:31,000 [Worker-20] WARN  o.e.m.c.i.embedder.EclipseLogger - Using platform encoding (Cp1252 actually) to copy filtered resources, i.e. build is platform dependent!
2016-04-09 06:07:31,006 [Worker-20] INFO  o.e.m.c.i.embedder.EclipseLogger - Copying 0 resource
2016-04-09 06:07:31,021 [Worker-20] INFO  o.e.m.w.i.f.ResourceFilteringBuildParticipant - Changed resources require a complete clean of filtered resources of qlcb
2016-04-09 06:07:31,021 [Worker-20] INFO  o.e.m.w.i.f.ResourceFilteringBuildParticipant - Executing resource filtering for qlcb
2016-04-09 06:07:31,026 [Worker-20] WARN  o.e.m.c.i.embedder.EclipseLogger - Using platform encoding (Cp1252 actually) to copy filtered resources, i.e. build is platform dependent!
2016-04-09 06:07:32,847 [Worker-17] WARN  o.e.m.c.i.embedder.EclipseLogger - The POM for org.springframework:spring-messaging:jar:3.1.1.RELEASE is missing, no dependency information available
2016-04-09 06:07:32,968 [Worker-17] WARN  o.e.m.c.i.embedder.EclipseLogger - Using platform encoding (Cp1252 actually) to copy filtered resources, i.e. build is platform dependent!
2016-04-09 06:07:32,975 [Worker-17] INFO  o.e.m.c.i.embedder.EclipseLogger - Copying 0 resource
2016-04-09 06:07:32,977 [Worker-17] WARN  o.e.m.c.i.embedder.EclipseLogger - Using platform encoding (Cp1252 actually) to copy filtered resources, i.e. build is platform dependent!
2016-04-09 06:07:32,983 [Worker-17] INFO  o.e.m.c.i.embedder.EclipseLogger - Copying 0 resource
2016-04-09 06:09:41,385 [Worker-15] INFO  o.e.m.c.i.l.LifecycleMappingFactory - Using org.maven.ide.eclipse.wtp.WarLifecycleMapping lifecycle mapping for MavenProject: com.springmvc:qlcb:1.0.0-BUILD-SNAPSHOT @ E:\Term 8\J2EE\Quan-Ly-Can-Bo-Thanh-Doan\source\qlcb\pom.xml.
2016-04-09 06:09:42,976 [Worker-15] INFO  o.e.m.c.i.e.AbstractTransferListenerAdapter - Downloading https://repo.maven.apache.org/maven2/org/springframework/spring-test/4.2.0.RELEASE/spring-test-4.2.0.RELEASE.pom
2016-04-09 06:09:43,228 [Worker-15] INFO  o.e.m.c.i.e.AbstractTransferListenerAdapter - Downloaded https://repo.maven.apache.org/maven2/org/springframework/spring-test/4.2.0.RELEASE/spring-test-4.2.0.RELEASE.pom
2016-04-09 06:09:43,549 [Worker-15] INFO  o.e.m.c.i.e.AbstractTransferListenerAdapter - Downloading https://repo.maven.apache.org/maven2/org/springframework/spring-context-support/4.2.0.RELEASE/spring-context-support-4.2.0.RELEASE.pom
2016-04-09 06:09:43,796 [Worker-15] INFO  o.e.m.c.i.e.AbstractTransferListenerAdapter - Downloaded https://repo.maven.apache.org/maven2/org/springframework/spring-context-support/4.2.0.RELEASE/spring-context-support-4.2.0.RELEASE.pom
2016-04-09 06:09:44,170 [Worker-15] INFO  o.e.m.c.i.e.AbstractTransferListenerAdapter - Downloading https://repo.maven.apache.org/maven2/org/springframework/spring-aspects/4.2.0.RELEASE/spring-aspects-4.2.0.RELEASE.pom
2016-04-09 06:09:44,408 [Worker-15] INFO  o.e.m.c.i.e.AbstractTransferListenerAdapter - Downloaded https://repo.maven.apache.org/maven2/org/springframework/spring-aspects/4.2.0.RELEASE/spring-aspects-4.2.0.RELEASE.pom
2016-04-09 06:09:44,682 [Worker-15] INFO  o.e.m.c.i.e.AbstractTransferListenerAdapter - Downloading https://repo.maven.apache.org/maven2/org/aspectj/aspectjweaver/1.8.6/aspectjweaver-1.8.6.pom
2016-04-09 06:09:44,918 [Worker-15] INFO  o.e.m.c.i.e.AbstractTransferListenerAdapter - Downloaded https://repo.maven.apache.org/maven2/org/aspectj/aspectjweaver/1.8.6/aspectjweaver-1.8.6.pom
2016-04-09 06:09:45,168 [Worker-15] INFO  o.e.m.c.i.e.AbstractTransferListenerAdapter - Downloading https://repo.maven.apache.org/maven2/org/springframework/spring-jms/4.2.0.RELEASE/spring-jms-4.2.0.RELEASE.pom
2016-04-09 06:09:45,405 [Worker-15] INFO  o.e.m.c.i.e.AbstractTransferListenerAdapter - Downloaded https://repo.maven.apache.org/maven2/org/springframework/spring-jms/4.2.0.RELEASE/spring-jms-4.2.0.RELEASE.pom
2016-04-09 06:09:45,651 [Worker-15] INFO  o.e.m.c.i.e.AbstractTransferListenerAdapter - Downloading https://repo.maven.apache.org/maven2/org/springframework/spring-messaging/4.2.0.RELEASE/spring-messaging-4.2.0.RELEASE.pom
2016-04-09 06:09:45,883 [Worker-15] INFO  o.e.m.c.i.e.AbstractTransferListenerAdapter - Downloaded https://repo.maven.apache.org/maven2/org/springframework/spring-messaging/4.2.0.RELEASE/spring-messaging-4.2.0.RELEASE.pom
2016-04-09 06:09:46,165 [Worker-15] INFO  o.e.m.c.i.e.AbstractTransferListenerAdapter - Downloading https://repo.maven.apache.org/maven2/org/springframework/spring-oxm/4.2.0.RELEASE/spring-oxm-4.2.0.RELEASE.pom
2016-04-09 06:09:46,451 [Worker-15] INFO  o.e.m.c.i.e.AbstractTransferListenerAdapter - Downloaded https://repo.maven.apache.org/maven2/org/springframework/spring-oxm/4.2.0.RELEASE/spring-oxm-4.2.0.RELEASE.pom
2016-04-09 06:09:47,272 [Worker-15] INFO  o.e.m.c.i.e.AbstractTransferListenerAdapter - Downloading https://repo.maven.apache.org/maven2/org/springframework/spring-test/4.2.0.RELEASE/spring-test-4.2.0.RELEASE.jar
2016-04-09 06:09:49,005 [Worker-15] INFO  o.e.m.c.i.e.AbstractTransferListenerAdapter - Downloaded https://repo.maven.apache.org/maven2/org/springframework/spring-test/4.2.0.RELEASE/spring-test-4.2.0.RELEASE.jar
2016-04-09 06:09:49,282 [Worker-15] INFO  o.e.m.c.i.e.AbstractTransferListenerAdapter - Downloading https://repo.maven.apache.org/maven2/org/springframework/spring-context-support/4.2.0.RELEASE/spring-context-support-4.2.0.RELEASE.jar
2016-04-09 06:09:50,131 [Worker-15] INFO  o.e.m.c.i.e.AbstractTransferListenerAdapter - Downloaded https://repo.maven.apache.org/maven2/org/springframework/spring-context-support/4.2.0.RELEASE/spring-context-support-4.2.0.RELEASE.jar
2016-04-09 06:09:50,407 [Worker-15] INFO  o.e.m.c.i.e.AbstractTransferListenerAdapter - Downloading https://repo.maven.apache.org/maven2/org/springframework/spring-aspects/4.2.0.RELEASE/spring-aspects-4.2.0.RELEASE.jar
2016-04-09 06:09:50,681 [Worker-15] INFO  o.e.m.c.i.e.AbstractTransferListenerAdapter - Downloaded https://repo.maven.apache.org/maven2/org/springframework/spring-aspects/4.2.0.RELEASE/spring-aspects-4.2.0.RELEASE.jar
2016-04-09 06:09:50,906 [Worker-15] INFO  o.e.m.c.i.e.AbstractTransferListenerAdapter - Downloading https://repo.maven.apache.org/maven2/org/aspectj/aspectjweaver/1.8.6/aspectjweaver-1.8.6.jar
2016-04-09 06:09:54,650 [Worker-15] INFO  o.e.m.c.i.e.AbstractTransferListenerAdapter - Downloaded https://repo.maven.apache.org/maven2/org/aspectj/aspectjweaver/1.8.6/aspectjweaver-1.8.6.jar
2016-04-09 06:09:54,874 [Worker-15] INFO  o.e.m.c.i.e.AbstractTransferListenerAdapter - Downloading https://repo.maven.apache.org/maven2/org/springframework/spring-jms/4.2.0.RELEASE/spring-jms-4.2.0.RELEASE.jar
2016-04-09 06:09:55,596 [Worker-15] INFO  o.e.m.c.i.e.AbstractTransferListenerAdapter - Downloaded https://repo.maven.apache.org/maven2/org/springframework/spring-jms/4.2.0.RELEASE/spring-jms-4.2.0.RELEASE.jar
2016-04-09 06:09:55,819 [Worker-15] INFO  o.e.m.c.i.e.AbstractTransferListenerAdapter - Downloading https://repo.maven.apache.org/maven2/org/springframework/spring-oxm/4.2.0.RELEASE/spring-oxm-4.2.0.RELEASE.jar
2016-04-09 06:09:56,497 [Worker-15] INFO  o.e.m.c.i.e.AbstractTransferListenerAdapter - Downloaded https://repo.maven.apache.org/maven2/org/springframework/spring-oxm/4.2.0.RELEASE/spring-oxm-4.2.0.RELEASE.jar
2016-04-09 06:09:56,729 [Worker-15] INFO  o.e.m.c.i.e.AbstractTransferListenerAdapter - Downloading https://repo.maven.apache.org/maven2/org/springframework/spring-messaging/4.2.0.RELEASE/spring-messaging-4.2.0.RELEASE.jar
2016-04-09 06:09:58,080 [Worker-15] INFO  o.e.m.c.i.e.AbstractTransferListenerAdapter - Downloaded https://repo.maven.apache.org/maven2/org/springframework/spring-messaging/4.2.0.RELEASE/spring-messaging-4.2.0.RELEASE.jar
2016-04-09 06:10:01,135 [Worker-15] WARN  o.e.m.c.i.embedder.EclipseLogger - Using platform encoding (Cp1252 actually) to copy filtered resources, i.e. build is platform dependent!
2016-04-09 06:10:01,169 [Worker-15] INFO  o.e.m.c.i.embedder.EclipseLogger - Copying 0 resource
2016-04-09 06:10:01,171 [Worker-15] WARN  o.e.m.c.i.embedder.EclipseLogger - Using platform encoding (Cp1252 actually) to copy filtered resources, i.e. build is platform dependent!
2016-04-09 06:10:01,178 [Worker-15] INFO  o.e.m.c.i.embedder.EclipseLogger - Copying 0 resource
2016-04-09 06:10:01,179 [Worker-15] INFO  o.e.m.w.i.f.ResourceFilteringBuildParticipant - Changed resources require a complete clean of filtered resources of qlcb
2016-04-09 06:10:01,179 [Worker-15] INFO  o.e.m.w.i.f.ResourceFilteringBuildParticipant - Executing resource filtering for qlcb
2016-04-09 06:10:01,184 [Worker-15] WARN  o.e.m.c.i.embedder.EclipseLogger - Using platform encoding (Cp1252 actually) to copy filtered resources, i.e. build is platform dependent!
2016-04-09 06:10:03,653 [Worker-15] WARN  o.e.m.c.i.embedder.EclipseLogger - Using platform encoding (Cp1252 actually) to copy filtered resources, i.e. build is platform dependent!
2016-04-09 06:10:03,663 [Worker-15] INFO  o.e.m.c.i.embedder.EclipseLogger - Copying 1 resource
2016-04-09 06:10:03,694 [Worker-15] WARN  o.e.m.c.i.embedder.EclipseLogger - Using platform encoding (Cp1252 actually) to copy filtered resources, i.e. build is platform dependent!
2016-04-09 06:10:03,700 [Worker-15] INFO  o.e.m.c.i.embedder.EclipseLogger - Copying 1 resource
2016-04-09 06:12:49,198 [Worker-20] INFO  o.e.m.c.i.l.LifecycleMappingFactory - Using org.maven.ide.eclipse.wtp.WarLifecycleMapping lifecycle mapping for MavenProject: com.springmvc:qlcb:1.0.0-BUILD-SNAPSHOT @ E:\Term 8\J2EE\Quan-Ly-Can-Bo-Thanh-Doan\source\qlcb\pom.xml.
2016-04-09 06:12:52,899 [Worker-20] WARN  o.e.m.c.i.embedder.EclipseLogger - Using platform encoding (Cp1252 actually) to copy filtered resources, i.e. build is platform dependent!
2016-04-09 06:12:52,934 [Worker-20] INFO  o.e.m.c.i.embedder.EclipseLogger - Copying 0 resource
2016-04-09 06:12:52,937 [Worker-20] WARN  o.e.m.c.i.embedder.EclipseLogger - Using platform encoding (Cp1252 actually) to copy filtered resources, i.e. build is platform dependent!
2016-04-09 06:12:52,945 [Worker-20] INFO  o.e.m.c.i.embedder.EclipseLogger - Copying 0 resource
2016-04-09 06:12:52,968 [Worker-20] INFO  o.e.m.w.i.f.ResourceFilteringBuildParticipant - Changed resources require a complete clean of filtered resources of qlcb
2016-04-09 06:12:52,968 [Worker-20] INFO  o.e.m.w.i.f.ResourceFilteringBuildParticipant - Executing resource filtering for qlcb
2016-04-09 06:12:52,974 [Worker-20] WARN  o.e.m.c.i.embedder.EclipseLogger - Using platform encoding (Cp1252 actually) to copy filtered resources, i.e. build is platform dependent!
2016-04-09 06:12:55,861 [Worker-20] WARN  o.e.m.c.i.embedder.EclipseLogger - Using platform encoding (Cp1252 actually) to copy filtered resources, i.e. build is platform dependent!
2016-04-09 06:12:55,869 [Worker-20] INFO  o.e.m.c.i.embedder.EclipseLogger - Copying 1 resource
2016-04-09 06:12:55,876 [Worker-20] WARN  o.e.m.c.i.embedder.EclipseLogger - Using platform encoding (Cp1252 actually) to copy filtered resources, i.e. build is platform dependent!
2016-04-09 06:12:55,881 [Worker-20] INFO  o.e.m.c.i.embedder.EclipseLogger - Copying 1 resource
2016-04-09 06:14:01,736 [Worker-16] INFO  o.e.m.c.i.l.LifecycleMappingFactory - Using org.maven.ide.eclipse.wtp.WarLifecycleMapping lifecycle mapping for MavenProject: com.springmvc:qlcb:1.0.0-BUILD-SNAPSHOT @ E:\Term 8\J2EE\Quan-Ly-Can-Bo-Thanh-Doan\source\qlcb\pom.xml.
2016-04-09 06:14:03,497 [Worker-16] WARN  o.e.m.c.i.embedder.EclipseLogger - Using platform encoding (Cp1252 actually) to copy filtered resources, i.e. build is platform dependent!
2016-04-09 06:14:03,502 [Worker-16] INFO  o.e.m.c.i.embedder.EclipseLogger - Copying 0 resource
2016-04-09 06:14:03,504 [Worker-16] WARN  o.e.m.c.i.embedder.EclipseLogger - Using platform encoding (Cp1252 actually) to copy filtered resources, i.e. build is platform dependent!
2016-04-09 06:14:03,510 [Worker-16] INFO  o.e.m.c.i.embedder.EclipseLogger - Copying 0 resource
2016-04-09 06:14:03,510 [Worker-16] INFO  o.e.m.w.i.f.ResourceFilteringBuildParticipant - Changed resources require a complete clean of filtered resources of qlcb
2016-04-09 06:14:03,510 [Worker-16] INFO  o.e.m.w.i.f.ResourceFilteringBuildParticipant - Executing resource filtering for qlcb
2016-04-09 06:14:03,515 [Worker-16] WARN  o.e.m.c.i.embedder.EclipseLogger - Using platform encoding (Cp1252 actually) to copy filtered resources, i.e. build is platform dependent!
2016-04-09 06:14:05,706 [Worker-20] WARN  o.e.m.c.i.embedder.EclipseLogger - Using platform encoding (Cp1252 actually) to copy filtered resources, i.e. build is platform dependent!
2016-04-09 06:14:05,710 [Worker-20] INFO  o.e.m.c.i.embedder.EclipseLogger - Copying 1 resource
2016-04-09 06:14:05,717 [Worker-20] WARN  o.e.m.c.i.embedder.EclipseLogger - Using platform encoding (Cp1252 actually) to copy filtered resources, i.e. build is platform dependent!
2016-04-09 06:14:05,723 [Worker-20] INFO  o.e.m.c.i.embedder.EclipseLogger - Copying 1 resource
2016-04-09 06:23:04,908 [Worker-0] WARN  o.e.m.c.i.embedder.EclipseLogger - Using platform encoding (Cp1252 actually) to copy filtered resources, i.e. build is platform dependent!
2016-04-09 06:23:04,922 [Worker-0] INFO  o.e.m.c.i.embedder.EclipseLogger - Copying 1 resource
2016-04-09 06:23:04,932 [Worker-0] WARN  o.e.m.c.i.embedder.EclipseLogger - Using platform encoding (Cp1252 actually) to copy filtered resources, i.e. build is platform dependent!
2016-04-09 06:23:04,939 [Worker-0] INFO  o.e.m.c.i.embedder.EclipseLogger - Copying 1 resource
2016-04-09 06:23:14,583 [Worker-0] WARN  o.e.m.c.i.embedder.EclipseLogger - Using platform encoding (Cp1252 actually) to copy filtered resources, i.e. build is platform dependent!
2016-04-09 06:23:14,589 [Worker-0] INFO  o.e.m.c.i.embedder.EclipseLogger - Copying 0 resource
2016-04-09 06:23:14,591 [Worker-0] WARN  o.e.m.c.i.embedder.EclipseLogger - Using platform encoding (Cp1252 actually) to copy filtered resources, i.e. build is platform dependent!
2016-04-09 06:23:14,596 [Worker-0] INFO  o.e.m.c.i.embedder.EclipseLogger - Copying 0 resource
2016-04-09 06:23:31,041 [JavaFX Application Thread] INFO  o.e.m2e.actions.ExecutePomAction - Creating new launch configuration
2016-04-09 06:23:36,337 [Worker-9] INFO  o.e.m.i.launch.MavenLaunchDelegate - E:\Term 8\J2EE\Quan-Ly-Can-Bo-Thanh-Doan\source\qlcb
2016-04-09 06:23:36,337 [Worker-9] INFO  o.e.m.i.launch.MavenLaunchDelegate -  mvn  -B 
2016-04-09 06:23:58,790 [Worker-0] INFO  o.e.m.c.i.p.ProjectConfigurationManager - Update started
2016-04-09 06:23:59,528 [Worker-0] INFO  o.e.m.c.i.l.LifecycleMappingFactory - Using org.maven.ide.eclipse.wtp.WarLifecycleMapping lifecycle mapping for MavenProject: com.springmvc:qlcb:1.0.0-BUILD-SNAPSHOT @ E:\Term 8\J2EE\Quan-Ly-Can-Bo-Thanh-Doan\source\qlcb\pom.xml.
2016-04-09 06:24:01,619 [Worker-0] INFO  o.e.m.j.i.AbstractJavaProjectConfigurator - Adding source folder /qlcb/src/main/java
2016-04-09 06:24:01,620 [Worker-0] INFO  o.e.m.j.i.AbstractJavaProjectConfigurator - Adding resource folder /qlcb/src/main/resources
2016-04-09 06:24:01,620 [Worker-0] INFO  o.e.m.j.i.AbstractJavaProjectConfigurator - Adding source folder /qlcb/src/test/java
2016-04-09 06:24:01,620 [Worker-0] INFO  o.e.m.j.i.AbstractJavaProjectConfigurator - Adding resource folder /qlcb/src/test/resources
2016-04-09 06:24:03,513 [Worker-0] INFO  o.e.m.w.i.f.ResourceFilteringBuildParticipant - Cleaning filtered folder for qlcb
2016-04-09 06:24:03,518 [Worker-0] INFO  o.e.m.c.i.p.ProjectConfigurationManager - Update completed: 4 sec
2016-04-09 06:24:04,994 [Worker-2] WARN  o.e.m.c.i.embedder.EclipseLogger - Using platform encoding (Cp1252 actually) to copy filtered resources, i.e. build is platform dependent!
2016-04-09 06:24:04,999 [Worker-2] INFO  o.e.m.c.i.embedder.EclipseLogger - Copying 1 resource
2016-04-09 06:24:05,008 [Worker-2] WARN  o.e.m.c.i.embedder.EclipseLogger - Using platform encoding (Cp1252 actually) to copy filtered resources, i.e. build is platform dependent!
2016-04-09 06:24:05,012 [Worker-2] INFO  o.e.m.c.i.embedder.EclipseLogger - Copying 1 resource
2016-04-09 06:24:05,014 [Worker-2] INFO  o.e.m.w.i.f.ResourceFilteringBuildParticipant - Changed resources require a complete clean of filtered resources of qlcb
2016-04-09 06:24:05,015 [Worker-2] INFO  o.e.m.w.i.f.ResourceFilteringBuildParticipant - Executing resource filtering for qlcb
2016-04-09 06:24:05,021 [Worker-2] WARN  o.e.m.c.i.embedder.EclipseLogger - Using platform encoding (Cp1252 actually) to copy filtered resources, i.e. build is platform dependent!
2016-04-09 06:24:31,716 [JavaFX Application Thread] INFO  o.e.m2e.actions.ExecutePomAction - Using existing launch configuration
2016-04-09 06:24:35,098 [Worker-4] INFO  o.e.m.i.launch.MavenLaunchDelegate - E:\Term 8\J2EE\Quan-Ly-Can-Bo-Thanh-Doan\source\qlcb
2016-04-09 06:24:35,099 [Worker-4] INFO  o.e.m.i.launch.MavenLaunchDelegate -  mvn  -B 
2016-04-09 06:25:10,576 [Worker-8] INFO  o.e.m.i.launch.MavenLaunchDelegate - E:\Term 8\J2EE\Quan-Ly-Can-Bo-Thanh-Doan\source\qlcb
2016-04-09 06:25:10,576 [Worker-8] INFO  o.e.m.i.launch.MavenLaunchDelegate -  mvn  -B clean
2016-04-09 06:25:12,751 [Worker-12] WARN  o.e.m.c.i.embedder.EclipseLogger - Using platform encoding (Cp1252 actually) to copy filtered resources, i.e. build is platform dependent!
2016-04-09 06:25:12,764 [Worker-12] INFO  o.e.m.c.i.embedder.EclipseLogger - Copying 1 resource
2016-04-09 06:25:12,769 [Worker-12] WARN  o.e.m.c.i.embedder.EclipseLogger - Using platform encoding (Cp1252 actually) to copy filtered resources, i.e. build is platform dependent!
2016-04-09 06:25:12,775 [Worker-12] INFO  o.e.m.c.i.embedder.EclipseLogger - Copying 1 resource
2016-04-09 06:25:12,778 [Worker-12] INFO  o.e.m.w.i.f.ResourceFilteringBuildParticipant - Changed resources require a complete clean of filtered resources of qlcb
2016-04-09 06:25:12,778 [Worker-12] INFO  o.e.m.w.i.f.ResourceFilteringBuildParticipant - Executing resource filtering for qlcb
2016-04-09 06:25:12,786 [Worker-12] WARN  o.e.m.c.i.embedder.EclipseLogger - Using platform encoding (Cp1252 actually) to copy filtered resources, i.e. build is platform dependent!
2016-04-09 06:25:13,935 [Worker-10] WARN  o.e.m.c.i.embedder.EclipseLogger - Using platform encoding (Cp1252 actually) to copy filtered resources, i.e. build is platform dependent!
2016-04-09 06:25:13,943 [Worker-10] INFO  o.e.m.c.i.embedder.EclipseLogger - Copying 0 resource
2016-04-09 06:25:13,945 [Worker-10] WARN  o.e.m.c.i.embedder.EclipseLogger - Using platform encoding (Cp1252 actually) to copy filtered resources, i.e. build is platform dependent!
2016-04-09 06:25:13,952 [Worker-10] INFO  o.e.m.c.i.embedder.EclipseLogger - Copying 0 resource
2016-04-09 06:26:53,558 [Worker-3] WARN  o.e.m.c.i.embedder.EclipseLogger - Using platform encoding (Cp1252 actually) to copy filtered resources, i.e. build is platform dependent!
2016-04-09 06:26:53,586 [Worker-3] INFO  o.e.m.c.i.embedder.EclipseLogger - Copying 1 resource
2016-04-09 06:26:53,594 [Worker-3] WARN  o.e.m.c.i.embedder.EclipseLogger - Using platform encoding (Cp1252 actually) to copy filtered resources, i.e. build is platform dependent!
2016-04-09 06:26:53,602 [Worker-3] INFO  o.e.m.c.i.embedder.EclipseLogger - Copying 1 resource
2016-04-09 06:27:51,600 [JavaFX Application Thread] INFO  o.e.m2e.actions.ExecutePomAction - Using existing launch configuration
2016-04-09 06:27:53,659 [Worker-8] INFO  o.e.m.i.launch.MavenLaunchDelegate - E:\Term 8\J2EE\Quan-Ly-Can-Bo-Thanh-Doan\source\qlcb
2016-04-09 06:27:53,659 [Worker-8] INFO  o.e.m.i.launch.MavenLaunchDelegate -  mvn  -B 
2016-04-09 06:29:17,801 [Worker-3] WARN  o.e.m.c.i.embedder.EclipseLogger - Using platform encoding (Cp1252 actually) to copy filtered resources, i.e. build is platform dependent!
2016-04-09 06:29:17,811 [Worker-3] INFO  o.e.m.c.i.embedder.EclipseLogger - Copying 1 resource
2016-04-09 06:29:17,820 [Worker-3] WARN  o.e.m.c.i.embedder.EclipseLogger - Using platform encoding (Cp1252 actually) to copy filtered resources, i.e. build is platform dependent!
2016-04-09 06:29:17,919 [Worker-3] INFO  o.e.m.c.i.embedder.EclipseLogger - Copying 1 resource
2016-04-09 06:29:33,384 [Worker-9] INFO  o.e.m.c.i.p.ProjectConfigurationManager - Update started
2016-04-09 06:29:33,875 [Worker-9] INFO  o.e.m.c.i.l.LifecycleMappingFactory - Using org.maven.ide.eclipse.wtp.WarLifecycleMapping lifecycle mapping for MavenProject: com.springmvc:qlcb:1.0.0-BUILD-SNAPSHOT @ E:\Term 8\J2EE\Quan-Ly-Can-Bo-Thanh-Doan\source\qlcb\pom.xml.
2016-04-09 06:29:35,896 [Worker-9] INFO  o.e.m.j.i.AbstractJavaProjectConfigurator - Adding source folder /qlcb/src/main/java
2016-04-09 06:29:35,897 [Worker-9] INFO  o.e.m.j.i.AbstractJavaProjectConfigurator - Adding resource folder /qlcb/src/main/resources
2016-04-09 06:29:35,897 [Worker-9] INFO  o.e.m.j.i.AbstractJavaProjectConfigurator - Adding source folder /qlcb/src/test/java
2016-04-09 06:29:35,897 [Worker-9] INFO  o.e.m.j.i.AbstractJavaProjectConfigurator - Adding resource folder /qlcb/src/test/resources
2016-04-09 06:29:37,141 [Worker-9] INFO  o.e.m.w.i.f.ResourceFilteringBuildParticipant - Cleaning filtered folder for qlcb
2016-04-09 06:29:37,171 [Worker-9] INFO  o.e.m.c.i.p.ProjectConfigurationManager - Update completed: 3 sec
2016-04-09 06:29:38,527 [Worker-7] WARN  o.e.m.c.i.embedder.EclipseLogger - Using platform encoding (Cp1252 actually) to copy filtered resources, i.e. build is platform dependent!
2016-04-09 06:29:38,533 [Worker-7] INFO  o.e.m.c.i.embedder.EclipseLogger - Copying 1 resource
2016-04-09 06:29:38,540 [Worker-7] WARN  o.e.m.c.i.embedder.EclipseLogger - Using platform encoding (Cp1252 actually) to copy filtered resources, i.e. build is platform dependent!
2016-04-09 06:29:38,546 [Worker-7] INFO  o.e.m.c.i.embedder.EclipseLogger - Copying 1 resource
2016-04-09 06:29:38,548 [Worker-7] INFO  o.e.m.w.i.f.ResourceFilteringBuildParticipant - Changed resources require a complete clean of filtered resources of qlcb
2016-04-09 06:29:38,548 [Worker-7] INFO  o.e.m.w.i.f.ResourceFilteringBuildParticipant - Executing resource filtering for qlcb
2016-04-09 06:29:38,552 [Worker-7] WARN  o.e.m.c.i.embedder.EclipseLogger - Using platform encoding (Cp1252 actually) to copy filtered resources, i.e. build is platform dependent!
2016-04-09 06:30:59,052 [Worker-2] WARN  o.e.m.c.i.embedder.EclipseLogger - Using platform encoding (Cp1252 actually) to copy filtered resources, i.e. build is platform dependent!
2016-04-09 06:30:59,063 [Worker-2] INFO  o.e.m.c.i.embedder.EclipseLogger - Copying 0 resource
2016-04-09 06:30:59,065 [Worker-2] WARN  o.e.m.c.i.embedder.EclipseLogger - Using platform encoding (Cp1252 actually) to copy filtered resources, i.e. build is platform dependent!
2016-04-09 06:30:59,072 [Worker-2] INFO  o.e.m.c.i.embedder.EclipseLogger - Copying 0 resource
2016-04-09 06:39:06,573 [Worker-8] INFO  o.e.m.w.i.f.ResourceFilteringBuildParticipant - Cleaning filtered folder for qlcb
2016-04-09 06:39:07,219 [Worker-10] WARN  o.e.m.c.i.embedder.EclipseLogger - Using platform encoding (Cp1252 actually) to copy filtered resources, i.e. build is platform dependent!
2016-04-09 06:39:07,226 [Worker-10] INFO  o.e.m.c.i.embedder.EclipseLogger - Copying 1 resource
2016-04-09 06:39:07,229 [Worker-10] WARN  o.e.m.c.i.embedder.EclipseLogger - Using platform encoding (Cp1252 actually) to copy filtered resources, i.e. build is platform dependent!
2016-04-09 06:39:07,235 [Worker-10] INFO  o.e.m.c.i.embedder.EclipseLogger - Copying 1 resource
2016-04-09 06:39:07,249 [Worker-10] INFO  o.e.m.w.i.f.ResourceFilteringBuildParticipant - Changed resources require a complete clean of filtered resources of qlcb
2016-04-09 06:39:07,249 [Worker-10] INFO  o.e.m.w.i.f.ResourceFilteringBuildParticipant - Executing resource filtering for qlcb
2016-04-09 06:39:07,267 [Worker-10] WARN  o.e.m.c.i.embedder.EclipseLogger - Using platform encoding (Cp1252 actually) to copy filtered resources, i.e. build is platform dependent!
2016-04-09 06:41:39,555 [Worker-11] WARN  o.e.m.c.i.embedder.EclipseLogger - Using platform encoding (Cp1252 actually) to copy filtered resources, i.e. build is platform dependent!
2016-04-09 06:41:39,567 [Worker-11] INFO  o.e.m.c.i.embedder.EclipseLogger - Copying 1 resource
2016-04-09 06:41:39,574 [Worker-11] WARN  o.e.m.c.i.embedder.EclipseLogger - Using platform encoding (Cp1252 actually) to copy filtered resources, i.e. build is platform dependent!
2016-04-09 06:41:39,583 [Worker-11] INFO  o.e.m.c.i.embedder.EclipseLogger - Copying 1 resource
2016-04-09 06:41:43,962 [Worker-6] WARN  o.e.m.c.i.embedder.EclipseLogger - Using platform encoding (Cp1252 actually) to copy filtered resources, i.e. build is platform dependent!
2016-04-09 06:41:43,971 [Worker-6] INFO  o.e.m.c.i.embedder.EclipseLogger - Copying 0 resource
2016-04-09 06:41:43,973 [Worker-6] WARN  o.e.m.c.i.embedder.EclipseLogger - Using platform encoding (Cp1252 actually) to copy filtered resources, i.e. build is platform dependent!
2016-04-09 06:41:43,978 [Worker-6] INFO  o.e.m.c.i.embedder.EclipseLogger - Copying 0 resource
2016-04-09 06:42:11,994 [main] INFO  o.e.m2e.actions.ExecutePomAction - Using existing launch configuration
2016-04-09 06:42:15,525 [Worker-12] INFO  o.e.m.i.launch.MavenLaunchDelegate - E:\Term 8\J2EE\Quan-Ly-Can-Bo-Thanh-Doan\source\qlcb
2016-04-09 06:42:15,525 [Worker-12] INFO  o.e.m.i.launch.MavenLaunchDelegate -  mvn  -B 
2016-04-09 06:43:57,968 [Worker-10] INFO  o.e.m.c.i.l.LifecycleMappingFactory - Using org.maven.ide.eclipse.wtp.WarLifecycleMapping lifecycle mapping for MavenProject: com.springmvc:helloworld:1.0.0-BUILD-SNAPSHOT @ E:\Term 8\J2EE\Quan-Ly-Can-Bo-Thanh-Doan\source\HelloWorld\pom.xml.
2016-04-09 06:43:59,312 [Worker-10] WARN  o.e.m.c.i.embedder.EclipseLogger - Using platform encoding (Cp1252 actually) to copy filtered resources, i.e. build is platform dependent!
2016-04-09 06:43:59,327 [Worker-10] INFO  o.e.m.c.i.embedder.EclipseLogger - Copying 1 resource
2016-04-09 06:43:59,327 [Worker-10] WARN  o.e.m.c.i.embedder.EclipseLogger - Using platform encoding (Cp1252 actually) to copy filtered resources, i.e. build is platform dependent!
2016-04-09 06:43:59,327 [Worker-10] INFO  o.e.m.c.i.embedder.EclipseLogger - Copying 1 resource
2016-04-09 06:44:01,702 [Worker-9] WARN  o.e.m.c.i.embedder.EclipseLogger - Using platform encoding (Cp1252 actually) to copy filtered resources, i.e. build is platform dependent!
2016-04-09 06:44:01,718 [Worker-9] INFO  o.e.m.c.i.embedder.EclipseLogger - Copying 1 resource
2016-04-09 06:44:01,734 [Worker-9] WARN  o.e.m.c.i.embedder.EclipseLogger - Using platform encoding (Cp1252 actually) to copy filtered resources, i.e. build is platform dependent!
2016-04-09 06:44:01,749 [Worker-9] INFO  o.e.m.c.i.embedder.EclipseLogger - Copying 1 resource
2016-04-09 06:47:34,621 [main] INFO  o.e.m2e.actions.ExecutePomAction - Creating new launch configuration
2016-04-09 06:47:36,465 [Worker-9] INFO  o.e.m.i.launch.MavenLaunchDelegate - E:\Term 8\J2EE\Quan-Ly-Can-Bo-Thanh-Doan\source\HelloWorld
2016-04-09 06:47:36,465 [Worker-9] INFO  o.e.m.i.launch.MavenLaunchDelegate -  mvn  -B 
2016-04-09 06:48:28,487 [Worker-10] WARN  o.e.m.c.i.embedder.EclipseLogger - Using platform encoding (Cp1252 actually) to copy filtered resources, i.e. build is platform dependent!
2016-04-09 06:48:28,503 [Worker-10] INFO  o.e.m.c.i.embedder.EclipseLogger - Copying 0 resource
2016-04-09 06:48:28,503 [Worker-10] WARN  o.e.m.c.i.embedder.EclipseLogger - Using platform encoding (Cp1252 actually) to copy filtered resources, i.e. build is platform dependent!
2016-04-09 06:48:28,503 [Worker-10] INFO  o.e.m.c.i.embedder.EclipseLogger - Copying 0 resource
2016-04-09 06:50:56,965 [Worker-4] INFO  o.e.m.c.i.l.LifecycleMappingFactory - Using org.maven.ide.eclipse.wtp.WarLifecycleMapping lifecycle mapping for MavenProject: com.springmvc:qlcb:1.0.0-BUILD-SNAPSHOT @ E:\Term 8\J2EE\Quan-Ly-Can-Bo-Thanh-Doan\source\qlcb\pom.xml.
2016-04-09 06:50:59,591 [Worker-4] WARN  o.e.m.c.i.embedder.EclipseLogger - Using platform encoding (Cp1252 actually) to copy filtered resources, i.e. build is platform dependent!
2016-04-09 06:50:59,637 [Worker-4] INFO  o.e.m.c.i.embedder.EclipseLogger - Copying 1 resource
2016-04-09 06:50:59,684 [Worker-4] WARN  o.e.m.c.i.embedder.EclipseLogger - Using platform encoding (Cp1252 actually) to copy filtered resources, i.e. build is platform dependent!
2016-04-09 06:50:59,684 [Worker-4] INFO  o.e.m.c.i.embedder.EclipseLogger - Copying 1 resource
2016-04-09 06:51:08,107 [Worker-9] WARN  o.e.m.c.i.embedder.EclipseLogger - Using platform encoding (Cp1252 actually) to copy filtered resources, i.e. build is platform dependent!
2016-04-09 06:51:08,122 [Worker-9] INFO  o.e.m.c.i.embedder.EclipseLogger - Copying 1 resource
2016-04-09 06:51:08,122 [Worker-9] WARN  o.e.m.c.i.embedder.EclipseLogger - Using platform encoding (Cp1252 actually) to copy filtered resources, i.e. build is platform dependent!
2016-04-09 06:51:08,138 [Worker-9] INFO  o.e.m.c.i.embedder.EclipseLogger - Copying 1 resource
2016-04-09 06:54:02,743 [Worker-0] INFO  o.e.m.c.i.l.LifecycleMappingFactory - Using org.maven.ide.eclipse.wtp.WarLifecycleMapping lifecycle mapping for MavenProject: com.springmvc:qlcb:1.0.0-BUILD-SNAPSHOT @ E:\Term 8\J2EE\Quan-Ly-Can-Bo-Thanh-Doan\source\qlcb\pom.xml.
2016-04-09 06:54:03,055 [Worker-0] WARN  o.e.m.c.i.embedder.EclipseLogger - The POM for org.springframework:spring-messaging:jar:3.1.1.RELEASE is missing, no dependency information available
2016-04-09 06:54:03,618 [Worker-0] WARN  o.e.m.c.i.embedder.EclipseLogger - The POM for org.springframework:spring-messaging:jar:3.1.1.RELEASE is missing, no dependency information available
2016-04-09 06:54:04,805 [Worker-0] WARN  o.e.m.c.i.embedder.EclipseLogger - Using platform encoding (Cp1252 actually) to copy filtered resources, i.e. build is platform dependent!
2016-04-09 06:54:04,805 [Worker-0] INFO  o.e.m.c.i.embedder.EclipseLogger - Copying 0 resource
2016-04-09 06:54:04,805 [Worker-0] WARN  o.e.m.c.i.embedder.EclipseLogger - Using platform encoding (Cp1252 actually) to copy filtered resources, i.e. build is platform dependent!
2016-04-09 06:54:04,821 [Worker-0] INFO  o.e.m.c.i.embedder.EclipseLogger - Copying 0 resource
2016-04-09 06:54:04,821 [Worker-0] INFO  o.e.m.w.i.f.ResourceFilteringBuildParticipant - Changed resources require a complete clean of filtered resources of qlcb
2016-04-09 06:54:04,821 [Worker-0] INFO  o.e.m.w.i.f.ResourceFilteringBuildParticipant - Executing resource filtering for qlcb
2016-04-09 06:54:04,821 [Worker-0] WARN  o.e.m.c.i.embedder.EclipseLogger - Using platform encoding (Cp1252 actually) to copy filtered resources, i.e. build is platform dependent!
2016-04-09 06:54:06,930 [Worker-2] WARN  o.e.m.c.i.embedder.EclipseLogger - The POM for org.springframework:spring-messaging:jar:3.1.1.RELEASE is missing, no dependency information available
2016-04-09 06:54:07,383 [Worker-2] WARN  o.e.m.c.i.embedder.EclipseLogger - Using platform encoding (Cp1252 actually) to copy filtered resources, i.e. build is platform dependent!
2016-04-09 06:54:07,383 [Worker-2] INFO  o.e.m.c.i.embedder.EclipseLogger - Copying 0 resource
2016-04-09 06:54:07,399 [Worker-2] WARN  o.e.m.c.i.embedder.EclipseLogger - Using platform encoding (Cp1252 actually) to copy filtered resources, i.e. build is platform dependent!
2016-04-09 06:54:07,399 [Worker-2] INFO  o.e.m.c.i.embedder.EclipseLogger - Copying 0 resource
2016-04-09 06:54:18,040 [Worker-10] INFO  o.e.m.c.i.l.LifecycleMappingFactory - Using org.maven.ide.eclipse.wtp.WarLifecycleMapping lifecycle mapping for MavenProject: com.springmvc:qlcb:1.0.0-BUILD-SNAPSHOT @ E:\Term 8\J2EE\Quan-Ly-Can-Bo-Thanh-Doan\source\qlcb\pom.xml.
2016-04-09 06:54:19,712 [Worker-10] WARN  o.e.m.c.i.embedder.EclipseLogger - Using platform encoding (Cp1252 actually) to copy filtered resources, i.e. build is platform dependent!
2016-04-09 06:54:19,728 [Worker-10] INFO  o.e.m.c.i.embedder.EclipseLogger - Copying 0 resource
2016-04-09 06:54:19,728 [Worker-10] WARN  o.e.m.c.i.embedder.EclipseLogger - Using platform encoding (Cp1252 actually) to copy filtered resources, i.e. build is platform dependent!
2016-04-09 06:54:19,728 [Worker-10] INFO  o.e.m.c.i.embedder.EclipseLogger - Copying 0 resource
2016-04-09 06:54:19,728 [Worker-10] INFO  o.e.m.w.i.f.ResourceFilteringBuildParticipant - Changed resources require a complete clean of filtered resources of qlcb
2016-04-09 06:54:19,728 [Worker-10] INFO  o.e.m.w.i.f.ResourceFilteringBuildParticipant - Executing resource filtering for qlcb
2016-04-09 06:54:19,728 [Worker-10] WARN  o.e.m.c.i.embedder.EclipseLogger - Using platform encoding (Cp1252 actually) to copy filtered resources, i.e. build is platform dependent!
2016-04-09 06:54:21,978 [Worker-14] WARN  o.e.m.c.i.embedder.EclipseLogger - Using platform encoding (Cp1252 actually) to copy filtered resources, i.e. build is platform dependent!
2016-04-09 06:54:21,978 [Worker-14] INFO  o.e.m.c.i.embedder.EclipseLogger - Copying 1 resource
2016-04-09 06:54:21,978 [Worker-14] WARN  o.e.m.c.i.embedder.EclipseLogger - Using platform encoding (Cp1252 actually) to copy filtered resources, i.e. build is platform dependent!
2016-04-09 06:54:21,994 [Worker-14] INFO  o.e.m.c.i.embedder.EclipseLogger - Copying 1 resource
2016-04-09 06:54:30,666 [main] INFO  o.e.m2e.actions.ExecutePomAction - Using existing launch configuration
2016-04-09 06:54:33,307 [Worker-11] INFO  o.e.m.i.launch.MavenLaunchDelegate - E:\Term 8\J2EE\Quan-Ly-Can-Bo-Thanh-Doan\source\qlcb
2016-04-09 06:54:33,307 [Worker-11] INFO  o.e.m.i.launch.MavenLaunchDelegate -  mvn  -B 
2016-04-09 06:54:50,520 [Worker-2] INFO  o.e.m.c.i.p.ProjectConfigurationManager - Update started
2016-04-09 06:54:50,958 [Worker-2] INFO  o.e.m.c.i.l.LifecycleMappingFactory - Using org.maven.ide.eclipse.wtp.WarLifecycleMapping lifecycle mapping for MavenProject: com.springmvc:qlcb:1.0.0-BUILD-SNAPSHOT @ E:\Term 8\J2EE\Quan-Ly-Can-Bo-Thanh-Doan\source\qlcb\pom.xml.
2016-04-09 06:54:52,536 [Worker-2] INFO  o.e.m.j.i.AbstractJavaProjectConfigurator - Adding source folder /qlcb/src/main/java
2016-04-09 06:54:52,536 [Worker-2] INFO  o.e.m.j.i.AbstractJavaProjectConfigurator - Adding resource folder /qlcb/src/main/resources
2016-04-09 06:54:52,536 [Worker-2] INFO  o.e.m.j.i.AbstractJavaProjectConfigurator - Adding source folder /qlcb/src/test/java
2016-04-09 06:54:52,536 [Worker-2] INFO  o.e.m.j.i.AbstractJavaProjectConfigurator - Adding resource folder /qlcb/src/test/resources
2016-04-09 06:54:53,677 [Worker-2] INFO  o.e.m.w.i.f.ResourceFilteringBuildParticipant - Cleaning filtered folder for qlcb
2016-04-09 06:54:53,677 [Worker-2] INFO  o.e.m.c.i.p.ProjectConfigurationManager - Update completed: 3 sec
2016-04-09 06:54:55,161 [Worker-12] WARN  o.e.m.c.i.embedder.EclipseLogger - Using platform encoding (Cp1252 actually) to copy filtered resources, i.e. build is platform dependent!
2016-04-09 06:54:55,161 [Worker-12] INFO  o.e.m.c.i.embedder.EclipseLogger - Copying 1 resource
2016-04-09 06:54:55,177 [Worker-12] WARN  o.e.m.c.i.embedder.EclipseLogger - Using platform encoding (Cp1252 actually) to copy filtered resources, i.e. build is platform dependent!
2016-04-09 06:54:55,177 [Worker-12] INFO  o.e.m.c.i.embedder.EclipseLogger - Copying 1 resource
2016-04-09 06:54:55,177 [Worker-12] INFO  o.e.m.w.i.f.ResourceFilteringBuildParticipant - Changed resources require a complete clean of filtered resources of qlcb
2016-04-09 06:54:55,177 [Worker-12] INFO  o.e.m.w.i.f.ResourceFilteringBuildParticipant - Executing resource filtering for qlcb
2016-04-09 06:54:55,177 [Worker-12] WARN  o.e.m.c.i.embedder.EclipseLogger - Using platform encoding (Cp1252 actually) to copy filtered resources, i.e. build is platform dependent!
2016-04-09 06:56:16,981 [Worker-14] INFO  o.e.m.c.i.l.LifecycleMappingFactory - Using org.maven.ide.eclipse.wtp.WarLifecycleMapping lifecycle mapping for MavenProject: com.springmvc:qlcb:1.0.0-BUILD-SNAPSHOT @ E:\Term 8\J2EE\Quan-Ly-Can-Bo-Thanh-Doan\source\qlcb\pom.xml.
2016-04-09 06:56:18,621 [Worker-14] WARN  o.e.m.c.i.embedder.EclipseLogger - Using platform encoding (Cp1252 actually) to copy filtered resources, i.e. build is platform dependent!
2016-04-09 06:56:18,621 [Worker-14] INFO  o.e.m.c.i.embedder.EclipseLogger - Copying 0 resource
2016-04-09 06:56:18,637 [Worker-14] WARN  o.e.m.c.i.embedder.EclipseLogger - Using platform encoding (Cp1252 actually) to copy filtered resources, i.e. build is platform dependent!
2016-04-09 06:56:18,637 [Worker-14] INFO  o.e.m.c.i.embedder.EclipseLogger - Copying 0 resource
2016-04-09 06:56:18,637 [Worker-14] INFO  o.e.m.w.i.f.ResourceFilteringBuildParticipant - Changed resources require a complete clean of filtered resources of qlcb
2016-04-09 06:56:18,637 [Worker-14] INFO  o.e.m.w.i.f.ResourceFilteringBuildParticipant - Executing resource filtering for qlcb
2016-04-09 06:56:18,637 [Worker-14] WARN  o.e.m.c.i.embedder.EclipseLogger - Using platform encoding (Cp1252 actually) to copy filtered resources, i.e. build is platform dependent!
2016-04-09 06:56:20,325 [Worker-2] WARN  o.e.m.c.i.embedder.EclipseLogger - Using platform encoding (Cp1252 actually) to copy filtered resources, i.e. build is platform dependent!
2016-04-09 06:56:20,325 [Worker-2] INFO  o.e.m.c.i.embedder.EclipseLogger - Copying 1 resource
2016-04-09 06:56:20,325 [Worker-2] WARN  o.e.m.c.i.embedder.EclipseLogger - Using platform encoding (Cp1252 actually) to copy filtered resources, i.e. build is platform dependent!
2016-04-09 06:56:20,340 [Worker-2] INFO  o.e.m.c.i.embedder.EclipseLogger - Copying 1 resource
2016-04-09 06:56:30,575 [Worker-2] INFO  o.e.m.c.i.p.ProjectConfigurationManager - Update started
2016-04-09 06:56:30,981 [Worker-2] INFO  o.e.m.c.i.l.LifecycleMappingFactory - Using org.maven.ide.eclipse.wtp.WarLifecycleMapping lifecycle mapping for MavenProject: com.springmvc:qlcb:1.0.0-BUILD-SNAPSHOT @ E:\Term 8\J2EE\Quan-Ly-Can-Bo-Thanh-Doan\source\qlcb\pom.xml.
2016-04-09 06:56:32,497 [Worker-2] INFO  o.e.m.j.i.AbstractJavaProjectConfigurator - Adding source folder /qlcb/src/main/java
2016-04-09 06:56:32,497 [Worker-2] INFO  o.e.m.j.i.AbstractJavaProjectConfigurator - Adding resource folder /qlcb/src/main/resources
2016-04-09 06:56:32,497 [Worker-2] INFO  o.e.m.j.i.AbstractJavaProjectConfigurator - Adding source folder /qlcb/src/test/java
2016-04-09 06:56:32,497 [Worker-2] INFO  o.e.m.j.i.AbstractJavaProjectConfigurator - Adding resource folder /qlcb/src/test/resources
2016-04-09 06:56:33,263 [Worker-2] INFO  o.e.m.w.i.f.ResourceFilteringBuildParticipant - Cleaning filtered folder for qlcb
2016-04-09 06:56:33,278 [Worker-2] INFO  o.e.m.c.i.p.ProjectConfigurationManager - Update completed: 2 sec
2016-04-09 06:56:34,810 [Worker-14] WARN  o.e.m.c.i.embedder.EclipseLogger - Using platform encoding (Cp1252 actually) to copy filtered resources, i.e. build is platform dependent!
2016-04-09 06:56:34,825 [Worker-14] INFO  o.e.m.c.i.embedder.EclipseLogger - Copying 1 resource
2016-04-09 06:56:34,825 [Worker-14] WARN  o.e.m.c.i.embedder.EclipseLogger - Using platform encoding (Cp1252 actually) to copy filtered resources, i.e. build is platform dependent!
2016-04-09 06:56:34,825 [Worker-14] INFO  o.e.m.c.i.embedder.EclipseLogger - Copying 1 resource
2016-04-09 06:56:34,825 [Worker-14] INFO  o.e.m.w.i.f.ResourceFilteringBuildParticipant - Changed resources require a complete clean of filtered resources of qlcb
2016-04-09 06:56:34,825 [Worker-14] INFO  o.e.m.w.i.f.ResourceFilteringBuildParticipant - Executing resource filtering for qlcb
2016-04-09 06:56:34,841 [Worker-14] WARN  o.e.m.c.i.embedder.EclipseLogger - Using platform encoding (Cp1252 actually) to copy filtered resources, i.e. build is platform dependent!
2016-04-09 06:57:42,132 [Worker-16] INFO  o.e.m.c.i.l.LifecycleMappingFactory - Using org.maven.ide.eclipse.wtp.WarLifecycleMapping lifecycle mapping for MavenProject: com.springmvc:qlcb:1.0.0-BUILD-SNAPSHOT @ E:\Term 8\J2EE\Quan-Ly-Can-Bo-Thanh-Doan\source\qlcb\pom.xml.
2016-04-09 06:57:43,569 [Worker-16] WARN  o.e.m.c.i.embedder.EclipseLogger - Using platform encoding (Cp1252 actually) to copy filtered resources, i.e. build is platform dependent!
2016-04-09 06:57:43,569 [Worker-16] INFO  o.e.m.c.i.embedder.EclipseLogger - Copying 0 resource
2016-04-09 06:57:43,569 [Worker-16] WARN  o.e.m.c.i.embedder.EclipseLogger - Using platform encoding (Cp1252 actually) to copy filtered resources, i.e. build is platform dependent!
2016-04-09 06:57:43,569 [Worker-16] INFO  o.e.m.c.i.embedder.EclipseLogger - Copying 0 resource
2016-04-09 06:57:43,569 [Worker-16] INFO  o.e.m.w.i.f.ResourceFilteringBuildParticipant - Changed resources require a complete clean of filtered resources of qlcb
2016-04-09 06:57:43,569 [Worker-16] INFO  o.e.m.w.i.f.ResourceFilteringBuildParticipant - Executing resource filtering for qlcb
2016-04-09 06:57:43,585 [Worker-16] WARN  o.e.m.c.i.embedder.EclipseLogger - Using platform encoding (Cp1252 actually) to copy filtered resources, i.e. build is platform dependent!
2016-04-09 06:57:45,835 [Worker-11] WARN  o.e.m.c.i.embedder.EclipseLogger - Using platform encoding (Cp1252 actually) to copy filtered resources, i.e. build is platform dependent!
2016-04-09 06:57:45,835 [Worker-11] INFO  o.e.m.c.i.embedder.EclipseLogger - Copying 1 resource
2016-04-09 06:57:45,851 [Worker-11] WARN  o.e.m.c.i.embedder.EclipseLogger - Using platform encoding (Cp1252 actually) to copy filtered resources, i.e. build is platform dependent!
2016-04-09 06:57:45,851 [Worker-11] INFO  o.e.m.c.i.embedder.EclipseLogger - Copying 1 resource
2016-04-09 06:58:32,337 [Worker-16] INFO  o.e.m.c.i.l.LifecycleMappingFactory - Using org.maven.ide.eclipse.wtp.WarLifecycleMapping lifecycle mapping for MavenProject: com.springmvc:qlcb:1.0.0-BUILD-SNAPSHOT @ E:\Term 8\J2EE\Quan-Ly-Can-Bo-Thanh-Doan\source\qlcb\pom.xml.
2016-04-09 06:58:32,416 [Worker-16] WARN  o.e.m.c.i.embedder.EclipseLogger - The POM for org.springframework:spring-messaging:jar:3.1.1.RELEASE is missing, no dependency information available
2016-04-09 06:58:32,791 [Worker-16] WARN  o.e.m.c.i.embedder.EclipseLogger - The POM for org.springframework:spring-messaging:jar:3.1.1.RELEASE is missing, no dependency information available
2016-04-09 06:58:33,822 [Worker-16] WARN  o.e.m.c.i.embedder.EclipseLogger - Using platform encoding (Cp1252 actually) to copy filtered resources, i.e. build is platform dependent!
2016-04-09 06:58:33,837 [Worker-16] INFO  o.e.m.c.i.embedder.EclipseLogger - Copying 0 resource
2016-04-09 06:58:33,837 [Worker-16] WARN  o.e.m.c.i.embedder.EclipseLogger - Using platform encoding (Cp1252 actually) to copy filtered resources, i.e. build is platform dependent!
2016-04-09 06:58:33,837 [Worker-16] INFO  o.e.m.c.i.embedder.EclipseLogger - Copying 0 resource
2016-04-09 06:58:33,837 [Worker-16] INFO  o.e.m.w.i.f.ResourceFilteringBuildParticipant - Changed resources require a complete clean of filtered resources of qlcb
2016-04-09 06:58:33,837 [Worker-16] INFO  o.e.m.w.i.f.ResourceFilteringBuildParticipant - Executing resource filtering for qlcb
2016-04-09 06:58:33,837 [Worker-16] WARN  o.e.m.c.i.embedder.EclipseLogger - Using platform encoding (Cp1252 actually) to copy filtered resources, i.e. build is platform dependent!
2016-04-09 06:58:35,072 [Worker-4] WARN  o.e.m.c.i.embedder.EclipseLogger - The POM for org.springframework:spring-messaging:jar:3.1.1.RELEASE is missing, no dependency information available
2016-04-09 06:58:35,650 [Worker-4] WARN  o.e.m.c.i.embedder.EclipseLogger - Using platform encoding (Cp1252 actually) to copy filtered resources, i.e. build is platform dependent!
2016-04-09 06:58:35,650 [Worker-4] INFO  o.e.m.c.i.embedder.EclipseLogger - Copying 0 resource
2016-04-09 06:58:35,650 [Worker-4] WARN  o.e.m.c.i.embedder.EclipseLogger - Using platform encoding (Cp1252 actually) to copy filtered resources, i.e. build is platform dependent!
2016-04-09 06:58:35,650 [Worker-4] INFO  o.e.m.c.i.embedder.EclipseLogger - Copying 0 resource
2016-04-09 06:58:44,104 [Worker-13] INFO  o.e.m.c.i.l.LifecycleMappingFactory - Using org.maven.ide.eclipse.wtp.WarLifecycleMapping lifecycle mapping for MavenProject: com.springmvc:qlcb:1.0.0-BUILD-SNAPSHOT @ E:\Term 8\J2EE\Quan-Ly-Can-Bo-Thanh-Doan\source\qlcb\pom.xml.
2016-04-09 06:58:45,619 [Worker-13] WARN  o.e.m.c.i.embedder.EclipseLogger - Using platform encoding (Cp1252 actually) to copy filtered resources, i.e. build is platform dependent!
2016-04-09 06:58:45,619 [Worker-13] INFO  o.e.m.c.i.embedder.EclipseLogger - Copying 0 resource
2016-04-09 06:58:45,619 [Worker-13] WARN  o.e.m.c.i.embedder.EclipseLogger - Using platform encoding (Cp1252 actually) to copy filtered resources, i.e. build is platform dependent!
2016-04-09 06:58:45,635 [Worker-13] INFO  o.e.m.c.i.embedder.EclipseLogger - Copying 0 resource
2016-04-09 06:58:45,635 [Worker-13] INFO  o.e.m.w.i.f.ResourceFilteringBuildParticipant - Changed resources require a complete clean of filtered resources of qlcb
2016-04-09 06:58:45,635 [Worker-13] INFO  o.e.m.w.i.f.ResourceFilteringBuildParticipant - Executing resource filtering for qlcb
2016-04-09 06:58:45,635 [Worker-13] WARN  o.e.m.c.i.embedder.EclipseLogger - Using platform encoding (Cp1252 actually) to copy filtered resources, i.e. build is platform dependent!
2016-04-09 06:58:47,948 [Worker-10] WARN  o.e.m.c.i.embedder.EclipseLogger - Using platform encoding (Cp1252 actually) to copy filtered resources, i.e. build is platform dependent!
2016-04-09 06:58:47,963 [Worker-10] INFO  o.e.m.c.i.embedder.EclipseLogger - Copying 1 resource
2016-04-09 06:58:47,963 [Worker-10] WARN  o.e.m.c.i.embedder.EclipseLogger - Using platform encoding (Cp1252 actually) to copy filtered resources, i.e. build is platform dependent!
2016-04-09 06:58:47,963 [Worker-10] INFO  o.e.m.c.i.embedder.EclipseLogger - Copying 1 resource
2016-04-09 06:59:29,835 [Worker-0] INFO  o.e.m.c.i.l.LifecycleMappingFactory - Using org.maven.ide.eclipse.wtp.WarLifecycleMapping lifecycle mapping for MavenProject: com.springmvc:qlcb:1.0.0-BUILD-SNAPSHOT @ E:\Term 8\J2EE\Quan-Ly-Can-Bo-Thanh-Doan\source\qlcb\pom.xml.
2016-04-09 06:59:31,444 [Worker-0] WARN  o.e.m.c.i.embedder.EclipseLogger - Using platform encoding (Cp1252 actually) to copy filtered resources, i.e. build is platform dependent!
2016-04-09 06:59:31,444 [Worker-0] INFO  o.e.m.c.i.embedder.EclipseLogger - Copying 0 resource
2016-04-09 06:59:31,444 [Worker-0] WARN  o.e.m.c.i.embedder.EclipseLogger - Using platform encoding (Cp1252 actually) to copy filtered resources, i.e. build is platform dependent!
2016-04-09 06:59:31,444 [Worker-0] INFO  o.e.m.c.i.embedder.EclipseLogger - Copying 0 resource
2016-04-09 06:59:31,444 [Worker-0] INFO  o.e.m.w.i.f.ResourceFilteringBuildParticipant - Changed resources require a complete clean of filtered resources of qlcb
2016-04-09 06:59:31,444 [Worker-0] INFO  o.e.m.w.i.f.ResourceFilteringBuildParticipant - Executing resource filtering for qlcb
2016-04-09 06:59:31,460 [Worker-0] WARN  o.e.m.c.i.embedder.EclipseLogger - Using platform encoding (Cp1252 actually) to copy filtered resources, i.e. build is platform dependent!
2016-04-09 06:59:33,335 [Worker-16] WARN  o.e.m.c.i.embedder.EclipseLogger - Using platform encoding (Cp1252 actually) to copy filtered resources, i.e. build is platform dependent!
2016-04-09 06:59:33,413 [Worker-16] INFO  o.e.m.c.i.embedder.EclipseLogger - Copying 1 resource
2016-04-09 06:59:33,429 [Worker-16] WARN  o.e.m.c.i.embedder.EclipseLogger - Using platform encoding (Cp1252 actually) to copy filtered resources, i.e. build is platform dependent!
2016-04-09 06:59:33,445 [Worker-16] INFO  o.e.m.c.i.embedder.EclipseLogger - Copying 1 resource
2016-04-09 07:00:10,817 [Worker-14] INFO  o.e.m.c.i.l.LifecycleMappingFactory - Using org.maven.ide.eclipse.wtp.WarLifecycleMapping lifecycle mapping for MavenProject: com.springmvc:qlcb:1.0.0-BUILD-SNAPSHOT @ E:\Term 8\J2EE\Quan-Ly-Can-Bo-Thanh-Doan\source\qlcb\pom.xml.
2016-04-09 07:00:12,333 [Worker-14] WARN  o.e.m.c.i.embedder.EclipseLogger - Using platform encoding (Cp1252 actually) to copy filtered resources, i.e. build is platform dependent!
2016-04-09 07:00:12,349 [Worker-14] INFO  o.e.m.c.i.embedder.EclipseLogger - Copying 0 resource
2016-04-09 07:00:12,349 [Worker-14] WARN  o.e.m.c.i.embedder.EclipseLogger - Using platform encoding (Cp1252 actually) to copy filtered resources, i.e. build is platform dependent!
2016-04-09 07:00:12,349 [Worker-14] INFO  o.e.m.c.i.embedder.EclipseLogger - Copying 0 resource
2016-04-09 07:00:12,349 [Worker-14] INFO  o.e.m.w.i.f.ResourceFilteringBuildParticipant - Changed resources require a complete clean of filtered resources of qlcb
2016-04-09 07:00:12,349 [Worker-14] INFO  o.e.m.w.i.f.ResourceFilteringBuildParticipant - Executing resource filtering for qlcb
2016-04-09 07:00:12,349 [Worker-14] WARN  o.e.m.c.i.embedder.EclipseLogger - Using platform encoding (Cp1252 actually) to copy filtered resources, i.e. build is platform dependent!
2016-04-09 07:00:14,333 [Worker-13] WARN  o.e.m.c.i.embedder.EclipseLogger - Using platform encoding (Cp1252 actually) to copy filtered resources, i.e. build is platform dependent!
2016-04-09 07:00:14,349 [Worker-13] INFO  o.e.m.c.i.embedder.EclipseLogger - Copying 1 resource
2016-04-09 07:00:14,349 [Worker-13] WARN  o.e.m.c.i.embedder.EclipseLogger - Using platform encoding (Cp1252 actually) to copy filtered resources, i.e. build is platform dependent!
2016-04-09 07:00:14,349 [Worker-13] INFO  o.e.m.c.i.embedder.EclipseLogger - Copying 1 resource
2016-04-09 07:00:49,136 [Worker-10] INFO  o.e.m.c.i.l.LifecycleMappingFactory - Using org.maven.ide.eclipse.wtp.WarLifecycleMapping lifecycle mapping for MavenProject: com.springmvc:qlcb:1.0.0-BUILD-SNAPSHOT @ E:\Term 8\J2EE\Quan-Ly-Can-Bo-Thanh-Doan\source\qlcb\pom.xml.
2016-04-09 07:00:50,448 [Worker-10] WARN  o.e.m.c.i.embedder.EclipseLogger - Using platform encoding (Cp1252 actually) to copy filtered resources, i.e. build is platform dependent!
2016-04-09 07:00:50,448 [Worker-10] INFO  o.e.m.c.i.embedder.EclipseLogger - Copying 0 resource
2016-04-09 07:00:50,448 [Worker-10] WARN  o.e.m.c.i.embedder.EclipseLogger - Using platform encoding (Cp1252 actually) to copy filtered resources, i.e. build is platform dependent!
2016-04-09 07:00:50,464 [Worker-10] INFO  o.e.m.c.i.embedder.EclipseLogger - Copying 0 resource
2016-04-09 07:00:50,464 [Worker-10] INFO  o.e.m.w.i.f.ResourceFilteringBuildParticipant - Changed resources require a complete clean of filtered resources of qlcb
2016-04-09 07:00:50,464 [Worker-10] INFO  o.e.m.w.i.f.ResourceFilteringBuildParticipant - Executing resource filtering for qlcb
2016-04-09 07:00:50,464 [Worker-10] WARN  o.e.m.c.i.embedder.EclipseLogger - Using platform encoding (Cp1252 actually) to copy filtered resources, i.e. build is platform dependent!
2016-04-09 07:00:52,652 [Worker-12] WARN  o.e.m.c.i.embedder.EclipseLogger - Using platform encoding (Cp1252 actually) to copy filtered resources, i.e. build is platform dependent!
2016-04-09 07:00:52,652 [Worker-12] INFO  o.e.m.c.i.embedder.EclipseLogger - Copying 1 resource
2016-04-09 07:00:52,652 [Worker-12] WARN  o.e.m.c.i.embedder.EclipseLogger - Using platform encoding (Cp1252 actually) to copy filtered resources, i.e. build is platform dependent!
2016-04-09 07:00:52,667 [Worker-12] INFO  o.e.m.c.i.embedder.EclipseLogger - Copying 1 resource
2016-04-09 07:01:18,396 [Worker-16] INFO  o.e.m.c.i.l.LifecycleMappingFactory - Using org.maven.ide.eclipse.wtp.WarLifecycleMapping lifecycle mapping for MavenProject: com.springmvc:qlcb:1.0.0-BUILD-SNAPSHOT @ E:\Term 8\J2EE\Quan-Ly-Can-Bo-Thanh-Doan\source\qlcb\pom.xml.
2016-04-09 07:01:19,756 [Worker-16] WARN  o.e.m.c.i.embedder.EclipseLogger - Using platform encoding (Cp1252 actually) to copy filtered resources, i.e. build is platform dependent!
2016-04-09 07:01:19,756 [Worker-16] INFO  o.e.m.c.i.embedder.EclipseLogger - Copying 0 resource
2016-04-09 07:01:19,756 [Worker-16] WARN  o.e.m.c.i.embedder.EclipseLogger - Using platform encoding (Cp1252 actually) to copy filtered resources, i.e. build is platform dependent!
2016-04-09 07:01:19,756 [Worker-16] INFO  o.e.m.c.i.embedder.EclipseLogger - Copying 0 resource
2016-04-09 07:01:19,756 [Worker-16] INFO  o.e.m.w.i.f.ResourceFilteringBuildParticipant - Changed resources require a complete clean of filtered resources of qlcb
2016-04-09 07:01:19,756 [Worker-16] INFO  o.e.m.w.i.f.ResourceFilteringBuildParticipant - Executing resource filtering for qlcb
2016-04-09 07:01:19,772 [Worker-16] WARN  o.e.m.c.i.embedder.EclipseLogger - Using platform encoding (Cp1252 actually) to copy filtered resources, i.e. build is platform dependent!
2016-04-09 07:01:21,631 [Worker-15] WARN  o.e.m.c.i.embedder.EclipseLogger - Using platform encoding (Cp1252 actually) to copy filtered resources, i.e. build is platform dependent!
2016-04-09 07:01:21,647 [Worker-15] INFO  o.e.m.c.i.embedder.EclipseLogger - Copying 1 resource
2016-04-09 07:01:21,647 [Worker-15] WARN  o.e.m.c.i.embedder.EclipseLogger - Using platform encoding (Cp1252 actually) to copy filtered resources, i.e. build is platform dependent!
2016-04-09 07:01:21,647 [Worker-15] INFO  o.e.m.c.i.embedder.EclipseLogger - Copying 1 resource
2016-04-09 07:01:44,407 [Worker-16] INFO  o.e.m.c.i.l.LifecycleMappingFactory - Using org.maven.ide.eclipse.wtp.WarLifecycleMapping lifecycle mapping for MavenProject: com.springmvc:qlcb:1.0.0-BUILD-SNAPSHOT @ E:\Term 8\J2EE\Quan-Ly-Can-Bo-Thanh-Doan\source\qlcb\pom.xml.
2016-04-09 07:01:45,626 [Worker-16] WARN  o.e.m.c.i.embedder.EclipseLogger - Using platform encoding (Cp1252 actually) to copy filtered resources, i.e. build is platform dependent!
2016-04-09 07:01:45,642 [Worker-16] INFO  o.e.m.c.i.embedder.EclipseLogger - Copying 0 resource
2016-04-09 07:01:45,642 [Worker-16] WARN  o.e.m.c.i.embedder.EclipseLogger - Using platform encoding (Cp1252 actually) to copy filtered resources, i.e. build is platform dependent!
2016-04-09 07:01:45,642 [Worker-16] INFO  o.e.m.c.i.embedder.EclipseLogger - Copying 0 resource
2016-04-09 07:01:45,642 [Worker-16] INFO  o.e.m.w.i.f.ResourceFilteringBuildParticipant - Changed resources require a complete clean of filtered resources of qlcb
2016-04-09 07:01:45,642 [Worker-16] INFO  o.e.m.w.i.f.ResourceFilteringBuildParticipant - Executing resource filtering for qlcb
2016-04-09 07:01:45,642 [Worker-16] WARN  o.e.m.c.i.embedder.EclipseLogger - Using platform encoding (Cp1252 actually) to copy filtered resources, i.e. build is platform dependent!
2016-04-09 07:01:47,173 [Worker-12] WARN  o.e.m.c.i.embedder.EclipseLogger - Using platform encoding (Cp1252 actually) to copy filtered resources, i.e. build is platform dependent!
2016-04-09 07:01:47,173 [Worker-12] INFO  o.e.m.c.i.embedder.EclipseLogger - Copying 1 resource
2016-04-09 07:01:47,189 [Worker-12] WARN  o.e.m.c.i.embedder.EclipseLogger - Using platform encoding (Cp1252 actually) to copy filtered resources, i.e. build is platform dependent!
2016-04-09 07:01:47,189 [Worker-12] INFO  o.e.m.c.i.embedder.EclipseLogger - Copying 1 resource
2016-04-09 07:02:11,109 [Worker-14] INFO  o.e.m.c.i.l.LifecycleMappingFactory - Using org.maven.ide.eclipse.wtp.WarLifecycleMapping lifecycle mapping for MavenProject: com.springmvc:qlcb:1.0.0-BUILD-SNAPSHOT @ E:\Term 8\J2EE\Quan-Ly-Can-Bo-Thanh-Doan\source\qlcb\pom.xml.
2016-04-09 07:02:12,390 [Worker-14] WARN  o.e.m.c.i.embedder.EclipseLogger - Using platform encoding (Cp1252 actually) to copy filtered resources, i.e. build is platform dependent!
2016-04-09 07:02:12,406 [Worker-14] INFO  o.e.m.c.i.embedder.EclipseLogger - Copying 0 resource
2016-04-09 07:02:12,406 [Worker-14] WARN  o.e.m.c.i.embedder.EclipseLogger - Using platform encoding (Cp1252 actually) to copy filtered resources, i.e. build is platform dependent!
2016-04-09 07:02:12,406 [Worker-14] INFO  o.e.m.c.i.embedder.EclipseLogger - Copying 0 resource
2016-04-09 07:02:12,406 [Worker-14] INFO  o.e.m.w.i.f.ResourceFilteringBuildParticipant - Changed resources require a complete clean of filtered resources of qlcb
2016-04-09 07:02:12,406 [Worker-14] INFO  o.e.m.w.i.f.ResourceFilteringBuildParticipant - Executing resource filtering for qlcb
2016-04-09 07:02:12,406 [Worker-14] WARN  o.e.m.c.i.embedder.EclipseLogger - Using platform encoding (Cp1252 actually) to copy filtered resources, i.e. build is platform dependent!
2016-04-09 07:02:14,125 [Worker-2] WARN  o.e.m.c.i.embedder.EclipseLogger - Using platform encoding (Cp1252 actually) to copy filtered resources, i.e. build is platform dependent!
2016-04-09 07:02:14,125 [Worker-2] INFO  o.e.m.c.i.embedder.EclipseLogger - Copying 1 resource
2016-04-09 07:02:14,125 [Worker-2] WARN  o.e.m.c.i.embedder.EclipseLogger - Using platform encoding (Cp1252 actually) to copy filtered resources, i.e. build is platform dependent!
2016-04-09 07:02:14,140 [Worker-2] INFO  o.e.m.c.i.embedder.EclipseLogger - Copying 1 resource
2016-04-09 07:02:38,536 [Worker-0] INFO  o.e.m.c.i.l.LifecycleMappingFactory - Using org.maven.ide.eclipse.wtp.WarLifecycleMapping lifecycle mapping for MavenProject: com.springmvc:qlcb:1.0.0-BUILD-SNAPSHOT @ E:\Term 8\J2EE\Quan-Ly-Can-Bo-Thanh-Doan\source\qlcb\pom.xml.
2016-04-09 07:02:39,724 [Worker-0] WARN  o.e.m.c.i.embedder.EclipseLogger - Using platform encoding (Cp1252 actually) to copy filtered resources, i.e. build is platform dependent!
2016-04-09 07:02:39,724 [Worker-0] INFO  o.e.m.c.i.embedder.EclipseLogger - Copying 0 resource
2016-04-09 07:02:39,724 [Worker-0] WARN  o.e.m.c.i.embedder.EclipseLogger - Using platform encoding (Cp1252 actually) to copy filtered resources, i.e. build is platform dependent!
2016-04-09 07:02:39,724 [Worker-0] INFO  o.e.m.c.i.embedder.EclipseLogger - Copying 0 resource
2016-04-09 07:02:39,724 [Worker-0] INFO  o.e.m.w.i.f.ResourceFilteringBuildParticipant - Changed resources require a complete clean of filtered resources of qlcb
2016-04-09 07:02:39,724 [Worker-0] INFO  o.e.m.w.i.f.ResourceFilteringBuildParticipant - Executing resource filtering for qlcb
2016-04-09 07:02:39,739 [Worker-0] WARN  o.e.m.c.i.embedder.EclipseLogger - Using platform encoding (Cp1252 actually) to copy filtered resources, i.e. build is platform dependent!
2016-04-09 07:02:41,771 [Worker-11] WARN  o.e.m.c.i.embedder.EclipseLogger - Using platform encoding (Cp1252 actually) to copy filtered resources, i.e. build is platform dependent!
2016-04-09 07:02:41,771 [Worker-11] INFO  o.e.m.c.i.embedder.EclipseLogger - Copying 1 resource
2016-04-09 07:02:41,786 [Worker-11] WARN  o.e.m.c.i.embedder.EclipseLogger - Using platform encoding (Cp1252 actually) to copy filtered resources, i.e. build is platform dependent!
2016-04-09 07:02:41,802 [Worker-11] INFO  o.e.m.c.i.embedder.EclipseLogger - Copying 1 resource
2016-04-09 07:03:00,736 [Worker-2] INFO  o.e.m.c.i.l.LifecycleMappingFactory - Using org.maven.ide.eclipse.wtp.WarLifecycleMapping lifecycle mapping for MavenProject: com.springmvc:qlcb:1.0.0-BUILD-SNAPSHOT @ E:\Term 8\J2EE\Quan-Ly-Can-Bo-Thanh-Doan\source\qlcb\pom.xml.
2016-04-09 07:03:02,001 [Worker-2] WARN  o.e.m.c.i.embedder.EclipseLogger - Using platform encoding (Cp1252 actually) to copy filtered resources, i.e. build is platform dependent!
2016-04-09 07:03:02,001 [Worker-2] INFO  o.e.m.c.i.embedder.EclipseLogger - Copying 0 resource
2016-04-09 07:03:02,001 [Worker-2] WARN  o.e.m.c.i.embedder.EclipseLogger - Using platform encoding (Cp1252 actually) to copy filtered resources, i.e. build is platform dependent!
2016-04-09 07:03:02,001 [Worker-2] INFO  o.e.m.c.i.embedder.EclipseLogger - Copying 0 resource
2016-04-09 07:03:02,017 [Worker-2] INFO  o.e.m.w.i.f.ResourceFilteringBuildParticipant - Changed resources require a complete clean of filtered resources of qlcb
2016-04-09 07:03:02,017 [Worker-2] INFO  o.e.m.w.i.f.ResourceFilteringBuildParticipant - Executing resource filtering for qlcb
2016-04-09 07:03:02,017 [Worker-2] WARN  o.e.m.c.i.embedder.EclipseLogger - Using platform encoding (Cp1252 actually) to copy filtered resources, i.e. build is platform dependent!
2016-04-09 07:03:04,423 [Worker-15] WARN  o.e.m.c.i.embedder.EclipseLogger - Using platform encoding (Cp1252 actually) to copy filtered resources, i.e. build is platform dependent!
2016-04-09 07:03:04,439 [Worker-15] INFO  o.e.m.c.i.embedder.EclipseLogger - Copying 1 resource
2016-04-09 07:03:04,439 [Worker-15] WARN  o.e.m.c.i.embedder.EclipseLogger - Using platform encoding (Cp1252 actually) to copy filtered resources, i.e. build is platform dependent!
2016-04-09 07:03:04,455 [Worker-15] INFO  o.e.m.c.i.embedder.EclipseLogger - Copying 1 resource
2016-04-09 07:03:08,080 [Worker-15] INFO  o.e.m.c.i.p.ProjectConfigurationManager - Update started
2016-04-09 07:03:08,392 [Worker-15] INFO  o.e.m.c.i.l.LifecycleMappingFactory - Using org.maven.ide.eclipse.wtp.WarLifecycleMapping lifecycle mapping for MavenProject: com.springmvc:qlcb:1.0.0-BUILD-SNAPSHOT @ E:\Term 8\J2EE\Quan-Ly-Can-Bo-Thanh-Doan\source\qlcb\pom.xml.
2016-04-09 07:03:09,549 [Worker-15] INFO  o.e.m.j.i.AbstractJavaProjectConfigurator - Adding source folder /qlcb/src/main/java
2016-04-09 07:03:09,549 [Worker-15] INFO  o.e.m.j.i.AbstractJavaProjectConfigurator - Adding resource folder /qlcb/src/main/resources
2016-04-09 07:03:09,549 [Worker-15] INFO  o.e.m.j.i.AbstractJavaProjectConfigurator - Adding source folder /qlcb/src/test/java
2016-04-09 07:03:09,549 [Worker-15] INFO  o.e.m.j.i.AbstractJavaProjectConfigurator - Adding resource folder /qlcb/src/test/resources
2016-04-09 07:03:10,174 [Worker-15] INFO  o.e.m.w.i.f.ResourceFilteringBuildParticipant - Cleaning filtered folder for qlcb
2016-04-09 07:03:10,189 [Worker-15] INFO  o.e.m.c.i.p.ProjectConfigurationManager - Update completed: 2 sec
2016-04-09 07:03:11,189 [Worker-0] WARN  o.e.m.c.i.embedder.EclipseLogger - Using platform encoding (Cp1252 actually) to copy filtered resources, i.e. build is platform dependent!
2016-04-09 07:03:11,189 [Worker-0] INFO  o.e.m.c.i.embedder.EclipseLogger - Copying 1 resource
2016-04-09 07:03:11,189 [Worker-0] WARN  o.e.m.c.i.embedder.EclipseLogger - Using platform encoding (Cp1252 actually) to copy filtered resources, i.e. build is platform dependent!
2016-04-09 07:03:11,189 [Worker-0] INFO  o.e.m.c.i.embedder.EclipseLogger - Copying 1 resource
2016-04-09 07:03:11,189 [Worker-0] INFO  o.e.m.w.i.f.ResourceFilteringBuildParticipant - Changed resources require a complete clean of filtered resources of qlcb
2016-04-09 07:03:11,189 [Worker-0] INFO  o.e.m.w.i.f.ResourceFilteringBuildParticipant - Executing resource filtering for qlcb
2016-04-09 07:03:11,205 [Worker-0] WARN  o.e.m.c.i.embedder.EclipseLogger - Using platform encoding (Cp1252 actually) to copy filtered resources, i.e. build is platform dependent!
2016-04-09 07:03:34,962 [Worker-2] INFO  o.e.m.c.i.l.LifecycleMappingFactory - Using org.maven.ide.eclipse.wtp.WarLifecycleMapping lifecycle mapping for MavenProject: com.springmvc:qlcb:1.0.0-BUILD-SNAPSHOT @ E:\Term 8\J2EE\Quan-Ly-Can-Bo-Thanh-Doan\source\qlcb\pom.xml.
2016-04-09 07:03:36,181 [Worker-2] WARN  o.e.m.c.i.embedder.EclipseLogger - Using platform encoding (Cp1252 actually) to copy filtered resources, i.e. build is platform dependent!
2016-04-09 07:03:36,196 [Worker-2] INFO  o.e.m.c.i.embedder.EclipseLogger - Copying 0 resource
2016-04-09 07:03:36,196 [Worker-2] WARN  o.e.m.c.i.embedder.EclipseLogger - Using platform encoding (Cp1252 actually) to copy filtered resources, i.e. build is platform dependent!
2016-04-09 07:03:36,196 [Worker-2] INFO  o.e.m.c.i.embedder.EclipseLogger - Copying 0 resource
2016-04-09 07:03:36,227 [Worker-2] INFO  o.e.m.w.i.f.ResourceFilteringBuildParticipant - Changed resources require a complete clean of filtered resources of qlcb
2016-04-09 07:03:36,227 [Worker-2] INFO  o.e.m.w.i.f.ResourceFilteringBuildParticipant - Executing resource filtering for qlcb
2016-04-09 07:03:36,227 [Worker-2] WARN  o.e.m.c.i.embedder.EclipseLogger - Using platform encoding (Cp1252 actually) to copy filtered resources, i.e. build is platform dependent!
2016-04-09 07:03:37,978 [Worker-10] WARN  o.e.m.c.i.embedder.EclipseLogger - Using platform encoding (Cp1252 actually) to copy filtered resources, i.e. build is platform dependent!
2016-04-09 07:03:37,993 [Worker-10] INFO  o.e.m.c.i.embedder.EclipseLogger - Copying 1 resource
2016-04-09 07:03:37,993 [Worker-10] WARN  o.e.m.c.i.embedder.EclipseLogger - Using platform encoding (Cp1252 actually) to copy filtered resources, i.e. build is platform dependent!
2016-04-09 07:03:37,993 [Worker-10] INFO  o.e.m.c.i.embedder.EclipseLogger - Copying 1 resource
2016-04-09 07:03:42,681 [Worker-4] INFO  o.e.m.c.i.p.ProjectConfigurationManager - Update started
2016-04-09 07:03:42,993 [Worker-4] INFO  o.e.m.c.i.l.LifecycleMappingFactory - Using org.maven.ide.eclipse.wtp.WarLifecycleMapping lifecycle mapping for MavenProject: com.springmvc:qlcb:1.0.0-BUILD-SNAPSHOT @ E:\Term 8\J2EE\Quan-Ly-Can-Bo-Thanh-Doan\source\qlcb\pom.xml.
2016-04-09 07:03:44,322 [Worker-4] INFO  o.e.m.j.i.AbstractJavaProjectConfigurator - Adding source folder /qlcb/src/main/java
2016-04-09 07:03:44,322 [Worker-4] INFO  o.e.m.j.i.AbstractJavaProjectConfigurator - Adding resource folder /qlcb/src/main/resources
2016-04-09 07:03:44,322 [Worker-4] INFO  o.e.m.j.i.AbstractJavaProjectConfigurator - Adding source folder /qlcb/src/test/java
2016-04-09 07:03:44,322 [Worker-4] INFO  o.e.m.j.i.AbstractJavaProjectConfigurator - Adding resource folder /qlcb/src/test/resources
2016-04-09 07:03:44,790 [Worker-4] INFO  o.e.m.w.i.f.ResourceFilteringBuildParticipant - Cleaning filtered folder for qlcb
2016-04-09 07:03:44,806 [Worker-4] INFO  o.e.m.c.i.p.ProjectConfigurationManager - Update completed: 2 sec
2016-04-09 07:03:45,987 [Worker-11] WARN  o.e.m.c.i.embedder.EclipseLogger - Using platform encoding (Cp1252 actually) to copy filtered resources, i.e. build is platform dependent!
2016-04-09 07:03:45,987 [Worker-11] INFO  o.e.m.c.i.embedder.EclipseLogger - Copying 1 resource
2016-04-09 07:03:45,987 [Worker-11] WARN  o.e.m.c.i.embedder.EclipseLogger - Using platform encoding (Cp1252 actually) to copy filtered resources, i.e. build is platform dependent!
2016-04-09 07:03:46,002 [Worker-11] INFO  o.e.m.c.i.embedder.EclipseLogger - Copying 1 resource
2016-04-09 07:03:46,018 [Worker-11] INFO  o.e.m.w.i.f.ResourceFilteringBuildParticipant - Changed resources require a complete clean of filtered resources of qlcb
2016-04-09 07:03:46,018 [Worker-11] INFO  o.e.m.w.i.f.ResourceFilteringBuildParticipant - Executing resource filtering for qlcb
2016-04-09 07:03:46,018 [Worker-11] WARN  o.e.m.c.i.embedder.EclipseLogger - Using platform encoding (Cp1252 actually) to copy filtered resources, i.e. build is platform dependent!
2016-04-09 07:04:31,409 [Worker-16] INFO  o.e.m.c.i.l.LifecycleMappingFactory - Using org.maven.ide.eclipse.wtp.WarLifecycleMapping lifecycle mapping for MavenProject: com.springmvc:qlcb:1.0.0-BUILD-SNAPSHOT @ E:\Term 8\J2EE\Quan-Ly-Can-Bo-Thanh-Doan\source\qlcb\pom.xml.
2016-04-09 07:04:32,752 [Worker-16] WARN  o.e.m.c.i.embedder.EclipseLogger - Using platform encoding (Cp1252 actually) to copy filtered resources, i.e. build is platform dependent!
2016-04-09 07:04:32,752 [Worker-16] INFO  o.e.m.c.i.embedder.EclipseLogger - Copying 0 resource
2016-04-09 07:04:32,752 [Worker-16] WARN  o.e.m.c.i.embedder.EclipseLogger - Using platform encoding (Cp1252 actually) to copy filtered resources, i.e. build is platform dependent!
2016-04-09 07:04:32,768 [Worker-16] INFO  o.e.m.c.i.embedder.EclipseLogger - Copying 0 resource
2016-04-09 07:04:32,768 [Worker-16] INFO  o.e.m.w.i.f.ResourceFilteringBuildParticipant - Changed resources require a complete clean of filtered resources of qlcb
2016-04-09 07:04:32,768 [Worker-16] INFO  o.e.m.w.i.f.ResourceFilteringBuildParticipant - Executing resource filtering for qlcb
2016-04-09 07:04:32,768 [Worker-16] WARN  o.e.m.c.i.embedder.EclipseLogger - Using platform encoding (Cp1252 actually) to copy filtered resources, i.e. build is platform dependent!
2016-04-09 07:04:34,362 [Worker-13] WARN  o.e.m.c.i.embedder.EclipseLogger - Using platform encoding (Cp1252 actually) to copy filtered resources, i.e. build is platform dependent!
2016-04-09 07:04:34,362 [Worker-13] INFO  o.e.m.c.i.embedder.EclipseLogger - Copying 1 resource
2016-04-09 07:04:34,377 [Worker-13] WARN  o.e.m.c.i.embedder.EclipseLogger - Using platform encoding (Cp1252 actually) to copy filtered resources, i.e. build is platform dependent!
2016-04-09 07:04:34,377 [Worker-13] INFO  o.e.m.c.i.embedder.EclipseLogger - Copying 1 resource
2016-04-09 07:04:38,018 [Worker-15] INFO  o.e.m.c.i.p.ProjectConfigurationManager - Update started
2016-04-09 07:04:38,331 [Worker-15] INFO  o.e.m.c.i.l.LifecycleMappingFactory - Using org.maven.ide.eclipse.wtp.WarLifecycleMapping lifecycle mapping for MavenProject: com.springmvc:qlcb:1.0.0-BUILD-SNAPSHOT @ E:\Term 8\J2EE\Quan-Ly-Can-Bo-Thanh-Doan\source\qlcb\pom.xml.
2016-04-09 07:04:39,628 [Worker-15] INFO  o.e.m.j.i.AbstractJavaProjectConfigurator - Adding source folder /qlcb/src/main/java
2016-04-09 07:04:39,628 [Worker-15] INFO  o.e.m.j.i.AbstractJavaProjectConfigurator - Adding resource folder /qlcb/src/main/resources
2016-04-09 07:04:39,628 [Worker-15] INFO  o.e.m.j.i.AbstractJavaProjectConfigurator - Adding source folder /qlcb/src/test/java
2016-04-09 07:04:39,628 [Worker-15] INFO  o.e.m.j.i.AbstractJavaProjectConfigurator - Adding resource folder /qlcb/src/test/resources
2016-04-09 07:04:40,143 [Worker-15] INFO  o.e.m.w.i.f.ResourceFilteringBuildParticipant - Cleaning filtered folder for qlcb
2016-04-09 07:04:40,143 [Worker-15] INFO  o.e.m.c.i.p.ProjectConfigurationManager - Update completed: 2 sec
2016-04-09 07:04:40,940 [Worker-16] WARN  o.e.m.c.i.embedder.EclipseLogger - Using platform encoding (Cp1252 actually) to copy filtered resources, i.e. build is platform dependent!
2016-04-09 07:04:40,956 [Worker-16] INFO  o.e.m.c.i.embedder.EclipseLogger - Copying 1 resource
2016-04-09 07:04:40,956 [Worker-16] WARN  o.e.m.c.i.embedder.EclipseLogger - Using platform encoding (Cp1252 actually) to copy filtered resources, i.e. build is platform dependent!
2016-04-09 07:04:40,956 [Worker-16] INFO  o.e.m.c.i.embedder.EclipseLogger - Copying 1 resource
2016-04-09 07:04:40,956 [Worker-16] INFO  o.e.m.w.i.f.ResourceFilteringBuildParticipant - Changed resources require a complete clean of filtered resources of qlcb
2016-04-09 07:04:40,956 [Worker-16] INFO  o.e.m.w.i.f.ResourceFilteringBuildParticipant - Executing resource filtering for qlcb
2016-04-09 07:04:40,972 [Worker-16] WARN  o.e.m.c.i.embedder.EclipseLogger - Using platform encoding (Cp1252 actually) to copy filtered resources, i.e. build is platform dependent!
2016-04-09 07:05:07,171 [Worker-10] INFO  o.e.m.c.i.l.LifecycleMappingFactory - Using org.maven.ide.eclipse.wtp.WarLifecycleMapping lifecycle mapping for MavenProject: com.springmvc:qlcb:1.0.0-BUILD-SNAPSHOT @ E:\Term 8\J2EE\Quan-Ly-Can-Bo-Thanh-Doan\source\qlcb\pom.xml.
2016-04-09 07:05:08,328 [Worker-10] WARN  o.e.m.c.i.embedder.EclipseLogger - Using platform encoding (Cp1252 actually) to copy filtered resources, i.e. build is platform dependent!
2016-04-09 07:05:08,328 [Worker-10] INFO  o.e.m.c.i.embedder.EclipseLogger - Copying 0 resource
2016-04-09 07:05:08,343 [Worker-10] WARN  o.e.m.c.i.embedder.EclipseLogger - Using platform encoding (Cp1252 actually) to copy filtered resources, i.e. build is platform dependent!
2016-04-09 07:05:08,343 [Worker-10] INFO  o.e.m.c.i.embedder.EclipseLogger - Copying 0 resource
2016-04-09 07:05:08,343 [Worker-10] INFO  o.e.m.w.i.f.ResourceFilteringBuildParticipant - Changed resources require a complete clean of filtered resources of qlcb
2016-04-09 07:05:08,343 [Worker-10] INFO  o.e.m.w.i.f.ResourceFilteringBuildParticipant - Executing resource filtering for qlcb
2016-04-09 07:05:08,343 [Worker-10] WARN  o.e.m.c.i.embedder.EclipseLogger - Using platform encoding (Cp1252 actually) to copy filtered resources, i.e. build is platform dependent!
2016-04-09 07:05:44,798 [Worker-0] WARN  o.e.m.c.i.embedder.EclipseLogger - Using platform encoding (Cp1252 actually) to copy filtered resources, i.e. build is platform dependent!
2016-04-09 07:05:44,798 [Worker-0] INFO  o.e.m.c.i.embedder.EclipseLogger - Copying 0 resource
2016-04-09 07:05:44,798 [Worker-0] WARN  o.e.m.c.i.embedder.EclipseLogger - Using platform encoding (Cp1252 actually) to copy filtered resources, i.e. build is platform dependent!
2016-04-09 07:05:44,814 [Worker-0] INFO  o.e.m.c.i.embedder.EclipseLogger - Copying 0 resource
2016-04-09 07:05:51,611 [Worker-4] WARN  o.e.m.c.i.embedder.EclipseLogger - Using platform encoding (Cp1252 actually) to copy filtered resources, i.e. build is platform dependent!
2016-04-09 07:05:51,627 [Worker-4] INFO  o.e.m.c.i.embedder.EclipseLogger - Copying 0 resource
2016-04-09 07:05:51,627 [Worker-4] WARN  o.e.m.c.i.embedder.EclipseLogger - Using platform encoding (Cp1252 actually) to copy filtered resources, i.e. build is platform dependent!
2016-04-09 07:05:51,627 [Worker-4] INFO  o.e.m.c.i.embedder.EclipseLogger - Copying 0 resource
2016-04-09 07:06:36,082 [Worker-10] WARN  o.e.m.c.i.embedder.EclipseLogger - Using platform encoding (Cp1252 actually) to copy filtered resources, i.e. build is platform dependent!
2016-04-09 07:06:36,097 [Worker-10] INFO  o.e.m.c.i.embedder.EclipseLogger - Copying 1 resource
2016-04-09 07:06:36,097 [Worker-10] WARN  o.e.m.c.i.embedder.EclipseLogger - Using platform encoding (Cp1252 actually) to copy filtered resources, i.e. build is platform dependent!
2016-04-09 07:06:36,097 [Worker-10] INFO  o.e.m.c.i.embedder.EclipseLogger - Copying 0 resource
2016-04-09 07:06:45,707 [Worker-15] WARN  o.e.m.c.i.embedder.EclipseLogger - Using platform encoding (Cp1252 actually) to copy filtered resources, i.e. build is platform dependent!
2016-04-09 07:06:45,723 [Worker-15] INFO  o.e.m.c.i.embedder.EclipseLogger - Copying 1 resource
2016-04-09 07:06:45,723 [Worker-15] WARN  o.e.m.c.i.embedder.EclipseLogger - Using platform encoding (Cp1252 actually) to copy filtered resources, i.e. build is platform dependent!
2016-04-09 07:06:45,723 [Worker-15] INFO  o.e.m.c.i.embedder.EclipseLogger - Copying 0 resource
2016-04-09 07:07:08,318 [Worker-14] WARN  o.e.m.c.i.embedder.EclipseLogger - Using platform encoding (Cp1252 actually) to copy filtered resources, i.e. build is platform dependent!
2016-04-09 07:07:08,333 [Worker-14] INFO  o.e.m.c.i.embedder.EclipseLogger - Copying 1 resource
2016-04-09 07:07:08,333 [Worker-14] WARN  o.e.m.c.i.embedder.EclipseLogger - Using platform encoding (Cp1252 actually) to copy filtered resources, i.e. build is platform dependent!
2016-04-09 07:07:08,333 [Worker-14] INFO  o.e.m.c.i.embedder.EclipseLogger - Copying 0 resource
2016-04-09 07:07:21,787 [Worker-0] WARN  o.e.m.c.i.embedder.EclipseLogger - Using platform encoding (Cp1252 actually) to copy filtered resources, i.e. build is platform dependent!
2016-04-09 07:07:21,787 [Worker-0] INFO  o.e.m.c.i.embedder.EclipseLogger - Copying 1 resource
2016-04-09 07:07:21,803 [Worker-0] WARN  o.e.m.c.i.embedder.EclipseLogger - Using platform encoding (Cp1252 actually) to copy filtered resources, i.e. build is platform dependent!
2016-04-09 07:07:21,803 [Worker-0] INFO  o.e.m.c.i.embedder.EclipseLogger - Copying 0 resource
