#
# There is insufficient memory for the Java Runtime Environment to continue.
# Native memory allocation (malloc) failed to allocate 1249600 bytes for Chunk::new
# Possible reasons:
#   The system is out of physical RAM or swap space
#   In 32 bit mode, the process size limit was hit
# Possible solutions:
#   Reduce memory load on the system
#   Increase physical memory or swap space
#   Check if swap backing store is full
#   Use 64 bit Java on a 64 bit OS
#   Decrease Java heap size (-Xmx/-Xms)
#   Decrease number of Java threads
#   Decrease Java thread stack sizes (-Xss)
#   Set larger code cache with -XX:ReservedCodeCacheSize=
# This output file may be truncated or incomplete.
#
#  Out of Memory Error (allocation.cpp:390), pid=12108, tid=12144
#
# JRE version: Java(TM) SE Runtime Environment (8.0_74-b02) (build 1.8.0_74-b02)
# Java VM: Java HotSpot(TM) 64-Bit Server VM (25.74-b02 mixed mode windows-amd64 compressed oops)
# Failed to write core dump. Minidumps are not enabled by default on client versions of Windows
#

---------------  T H R E A D  ---------------

Current thread (0x000000001505e000):  JavaThread "C2 CompilerThread0" daemon [_thread_in_native, id=12144, stack(0x00000000166a0000,0x00000000167a0000)]

Stack: [0x00000000166a0000,0x00000000167a0000]
[error occurred during error reporting (printing stack bounds), id 0xc0000005]

Native frames: (J=compiled Java code, j=interpreted, Vv=VM code, C=native code)


Current CompileTask:
C2:  75948 9559       4       org.eclipse.emf.ecore.impl.EClassImpl::getEAllStructuralFeatures (220 bytes)


---------------  P R O C E S S  ---------------

Java Threads: ( => current thread )
  0x0000000021462800 JavaThread "ModalContext" [_thread_new, id=8928, stack(0x0000000000000000,0x0000000000000000)]
  0x0000000021468800 JavaThread "Provisioning Event Dispatcher" daemon [_thread_blocked, id=3024, stack(0x000000002ab20000,0x000000002ac20000)]
  0x0000000021468000 JavaThread "Worker-14" [_thread_blocked, id=11600, stack(0x00000000290d0000,0x00000000291d0000)]
  0x0000000021467000 JavaThread "Worker-13" [_thread_blocked, id=12068, stack(0x000000002a620000,0x000000002a720000)]
  0x0000000021469800 JavaThread "Worker-12" [_thread_blocked, id=3140, stack(0x000000002a420000,0x000000002a520000)]
  0x0000000021465800 JavaThread "Worker-11" [_thread_blocked, id=7220, stack(0x0000000028dd0000,0x0000000028ed0000)]
  0x0000000021465000 JavaThread "Worker-10" [_thread_blocked, id=456, stack(0x0000000028cd0000,0x0000000028dd0000)]
  0x000000002145b000 JavaThread "Thread-13" [_thread_blocked, id=7668, stack(0x0000000027bd0000,0x0000000027cd0000)]
  0x000000002145b800 JavaThread "Worker-9" [_thread_in_native, id=5300, stack(0x0000000026dd0000,0x0000000026ed0000)]
  0x000000002145f800 JavaThread "Worker-8" [_thread_blocked, id=6900, stack(0x0000000026cd0000,0x0000000026dd0000)]
  0x000000002145c800 JavaThread "Worker-7" [_thread_blocked, id=4284, stack(0x0000000026ad0000,0x0000000026bd0000)]
  0x000000002145e800 JavaThread "Worker-6" [_thread_blocked, id=9660, stack(0x00000000269d0000,0x0000000026ad0000)]
  0x000000002145d000 JavaThread "Worker-5" [_thread_in_native, id=9172, stack(0x00000000268d0000,0x00000000269d0000)]
  0x000000002145e000 JavaThread "Worker-4" [_thread_blocked, id=5428, stack(0x00000000267d0000,0x00000000268d0000)]
  0x000000002145a000 JavaThread "Worker-3" [_thread_blocked, id=11948, stack(0x00000000266d0000,0x00000000267d0000)]
  0x00000000173f8000 JavaThread "JavaScript indexing" daemon [_thread_blocked, id=5448, stack(0x0000000023910000,0x0000000023a10000)]
  0x00000000173fa800 JavaThread "EventAdmin Async Event Dispatcher Thread" daemon [_thread_blocked, id=760, stack(0x0000000022ff0000,0x00000000230f0000)]
  0x00000000173fe000 JavaThread "Java indexing" daemon [_thread_blocked, id=5576, stack(0x0000000020060000,0x0000000020160000)]
  0x00000000173fc000 JavaThread "Worker-2" [_thread_in_native, id=11652, stack(0x000000001f850000,0x000000001f950000)]
  0x00000000173fb000 JavaThread "Worker-1" [_thread_blocked, id=11740, stack(0x000000001e910000,0x000000001ea10000)]
  0x00000000173fd800 JavaThread "Worker-0" [_thread_blocked, id=6704, stack(0x000000001e810000,0x000000001e910000)]
  0x00000000173fc800 JavaThread "EMF Reference Cleaner" daemon [_thread_blocked, id=8152, stack(0x000000001dc10000,0x000000001dd10000)]
  0x00000000173f9800 JavaThread "[ThreadPool Manager] - Idle Thread" daemon [_thread_blocked, id=7292, stack(0x000000001d910000,0x000000001da10000)]
  0x00000000173f9000 JavaThread "Thread-1" daemon [_thread_blocked, id=11624, stack(0x000000001b520000,0x000000001b620000)]
  0x000000001726b800 JavaThread "Worker-JM" [_thread_blocked, id=11736, stack(0x000000001a1e0000,0x000000001a2e0000)]
  0x0000000018cf1000 JavaThread "[Timer] - Main Queue Handler" daemon [_thread_blocked, id=1688, stack(0x000000001a450000,0x000000001a550000)]
  0x000000001803f000 JavaThread "Start Level: Equinox Container: 0095d32c-92ff-0015-19b3-f8d669bb70cb" daemon [_thread_blocked, id=11556, stack(0x0000000019c00000,0x0000000019d00000)]
  0x0000000017b7e800 JavaThread "Framework Event Dispatcher: Equinox Container: 0095d32c-92ff-0015-19b3-f8d669bb70cb" daemon [_thread_blocked, id=11660, stack(0x0000000019b00000,0x0000000019c00000)]
  0x0000000017f87000 JavaThread "Bundle File Closer" daemon [_thread_blocked, id=11632, stack(0x0000000018a30000,0x0000000018b30000)]
  0x0000000017654800 JavaThread "Active Thread: Equinox Container: 0095d32c-92ff-0015-19b3-f8d669bb70cb" [_thread_blocked, id=11784, stack(0x0000000018930000,0x0000000018a30000)]
  0x00000000168a6000 JavaThread "Service Thread" daemon [_thread_blocked, id=12264, stack(0x0000000016da0000,0x0000000016ea0000)]
  0x00000000150bd000 JavaThread "C1 CompilerThread2" daemon [_thread_blocked, id=12056, stack(0x0000000016ca0000,0x0000000016da0000)]
  0x00000000150ba000 JavaThread "C2 CompilerThread1" daemon [_thread_blocked, id=11432, stack(0x00000000167a0000,0x00000000168a0000)]
=>0x000000001505e000 JavaThread "C2 CompilerThread0" daemon [_thread_in_native, id=12144, stack(0x00000000166a0000,0x00000000167a0000)]
  0x000000001505c800 JavaThread "Attach Listener" daemon [_thread_blocked, id=12148, stack(0x00000000165a0000,0x00000000166a0000)]
  0x00000000022bc800 JavaThread "Signal Dispatcher" daemon [_thread_blocked, id=12204, stack(0x00000000164a0000,0x00000000165a0000)]
  0x000000001504a800 JavaThread "Finalizer" daemon [_thread_blocked, id=12152, stack(0x00000000162c0000,0x00000000163c0000)]
  0x0000000015029000 JavaThread "Reference Handler" daemon [_thread_blocked, id=12168, stack(0x00000000161c0000,0x00000000162c0000)]
  0x00000000021c0800 JavaThread "main" [_thread_blocked, id=12104, stack(0x0000000000050000,0x0000000000150000)]

Other Threads:
  0x0000000015028000 VMThread [stack: 0x00000000160c0000,0x00000000161c0000] [id=12208]
  0x00000000168aa000 WatcherThread [stack: 0x0000000016ea0000,0x0000000016fa0000] [id=6596]

VM state:synchronizing (normal execution)

VM Mutex/Monitor currently owned by a thread:  ([mutex/lock_event])
[0x000000000232bfc0] Safepoint_lock - owner thread: 0x0000000015028000
[0x000000000232c0c0] Threads_lock - owner thread: 0x0000000015028000

Heap:
 PSYoungGen      total 97280K, used 52602K [0x00000000e7000000, 0x00000000ef800000, 0x0000000100000000)
  eden space 60928K, 36% used [0x00000000e7000000,0x00000000e85fb000,0x00000000eab80000)
  from space 36352K, 82% used [0x00000000eab80000,0x00000000ec8e3a68,0x00000000ecf00000)
  to   space 30720K, 0% used [0x00000000ecf00000,0x00000000ecf00000,0x00000000eed00000)
 ParOldGen       total 146432K, used 80242K [0x00000000b5000000, 0x00000000bdf00000, 0x00000000e7000000)
  object space 146432K, 54% used [0x00000000b5000000,0x00000000b9e5cb80,0x00000000bdf00000)
 Metaspace       used 85674K, capacity 96318K, committed 96660K, reserved 1132544K
  class space    used 10412K, capacity 13383K, committed 13500K, reserved 1048576K

Card table byte_map: [0x00000000116f0000,0x0000000011950000] byte_map_base: 0x0000000011148000

Marking Bits: (ParMarkBitMap*) 0x00000000609c0600
 Begin Bits: [0x0000000011ee0000, 0x00000000131a0000)
 End Bits:   [0x00000000131a0000, 0x0000000014460000)

Polling page: 0x0000000000210000

CodeCache: size=245760Kb used=27781Kb max_used=27791Kb free=217978Kb
 bounds [0x0000000002330000, 0x0000000003e80000, 0x0000000011330000]
 total_blobs=8597 nmethods=7690 adapters=816
 compilation: enabled

Compilation events (10 events):
Event: 75.825 Thread 0x00000000150bd000 9750       3       org.eclipse.swt.graphics.ImageData::getTransparencyType (30 bytes)
Event: 75.826 Thread 0x00000000150bd000 nmethod 9750 0x0000000003e78ad0 code [0x0000000003e78c40, 0x0000000003e78e90]
Event: 75.832 Thread 0x00000000150bd000 9751       3       org.eclipse.swt.widgets.Scrollable::windowProc (8 bytes)
Event: 75.833 Thread 0x00000000150bd000 nmethod 9751 0x0000000003e78f10 code [0x0000000003e79060, 0x0000000003e791d0]
Event: 75.840 Thread 0x00000000150bd000 9752   !   3       java.text.DecimalFormatSymbols::clone (18 bytes)
Event: 75.841 Thread 0x00000000150bd000 nmethod 9752 0x0000000003e79290 code [0x0000000003e79420, 0x0000000003e79718]
Event: 75.850 Thread 0x00000000150bd000 9753       1       org.eclipse.e4.ui.css.swt.dom.ShellElement::getParentNode (2 bytes)
Event: 75.850 Thread 0x00000000150bd000 nmethod 9753 0x00000000024f3d10 code [0x00000000024f3e60, 0x00000000024f3f70]
Event: 75.879 Thread 0x00000000150bd000 9754       3       org.eclipse.swt.widgets.Widget::sendEvent (8 bytes)
Event: 75.880 Thread 0x00000000150bd000 nmethod 9754 0x00000000024a0310 code [0x00000000024a0480, 0x00000000024a0688]

GC Heap History (10 events):
Event: 69.699 GC heap before
{Heap before GC invocations=25 (full 4):
 PSYoungGen      total 79872K, used 64036K [0x00000000e7000000, 0x00000000ed680000, 0x0000000100000000)
  eden space 55808K, 100% used [0x00000000e7000000,0x00000000ea680000,0x00000000ea680000)
  from space 24064K, 34% used [0x00000000ebe00000,0x00000000ec609310,0x00000000ed580000)
  to   space 24064K, 0% used [0x00000000ea680000,0x00000000ea680000,0x00000000ebe00000)
 ParOldGen       total 146432K, used 73339K [0x00000000b5000000, 0x00000000bdf00000, 0x00000000e7000000)
  object space 146432K, 50% used [0x00000000b5000000,0x00000000b979ee18,0x00000000bdf00000)
 Metaspace       used 69653K, capacity 78156K, committed 78228K, reserved 1116160K
  class space    used 8397K, capacity 10881K, committed 10940K, reserved 1048576K
Event: 69.728 GC heap after
Heap after GC invocations=25 (full 4):
 PSYoungGen      total 79872K, used 17750K [0x00000000e7000000, 0x00000000eda80000, 0x0000000100000000)
  eden space 55808K, 0% used [0x00000000e7000000,0x00000000e7000000,0x00000000ea680000)
  from space 24064K, 73% used [0x00000000ea680000,0x00000000eb7d5970,0x00000000ebe00000)
  to   space 24576K, 0% used [0x00000000ec280000,0x00000000ec280000,0x00000000eda80000)
 ParOldGen       total 146432K, used 73347K [0x00000000b5000000, 0x00000000bdf00000, 0x00000000e7000000)
  object space 146432K, 50% used [0x00000000b5000000,0x00000000b97a0e18,0x00000000bdf00000)
 Metaspace       used 69653K, capacity 78156K, committed 78228K, reserved 1116160K
  class space    used 8397K, capacity 10881K, committed 10940K, reserved 1048576K
}
Event: 70.491 GC heap before
{Heap before GC invocations=26 (full 4):
 PSYoungGen      total 79872K, used 72265K [0x00000000e7000000, 0x00000000eda80000, 0x0000000100000000)
  eden space 55808K, 97% used [0x00000000e7000000,0x00000000ea53cbd8,0x00000000ea680000)
  from space 24064K, 73% used [0x00000000ea680000,0x00000000eb7d5970,0x00000000ebe00000)
  to   space 24576K, 0% used [0x00000000ec280000,0x00000000ec280000,0x00000000eda80000)
 ParOldGen       total 146432K, used 73347K [0x00000000b5000000, 0x00000000bdf00000, 0x00000000e7000000)
  object space 146432K, 50% used [0x00000000b5000000,0x00000000b97a0e18,0x00000000bdf00000)
 Metaspace       used 70175K, capacity 78888K, committed 79124K, reserved 1118208K
  class space    used 8447K, capacity 10993K, committed 11068K, reserved 1048576K
Event: 70.555 GC heap after
Heap after GC invocations=26 (full 4):
 PSYoungGen      total 82944K, used 20069K [0x00000000e7000000, 0x00000000ee180000, 0x0000000100000000)
  eden space 58368K, 0% used [0x00000000e7000000,0x00000000e7000000,0x00000000ea900000)
  from space 24576K, 81% used [0x00000000ec280000,0x00000000ed619668,0x00000000eda80000)
  to   space 26112K, 0% used [0x00000000ea900000,0x00000000ea900000,0x00000000ec280000)
 ParOldGen       total 146432K, used 73347K [0x00000000b5000000, 0x00000000bdf00000, 0x00000000e7000000)
  object space 146432K, 50% used [0x00000000b5000000,0x00000000b97a0e18,0x00000000bdf00000)
 Metaspace       used 70175K, capacity 78888K, committed 79124K, reserved 1118208K
  class space    used 8447K, capacity 10993K, committed 11068K, reserved 1048576K
}
Event: 71.863 GC heap before
{Heap before GC invocations=27 (full 4):
 PSYoungGen      total 82944K, used 78437K [0x00000000e7000000, 0x00000000ee180000, 0x0000000100000000)
  eden space 58368K, 100% used [0x00000000e7000000,0x00000000ea900000,0x00000000ea900000)
  from space 24576K, 81% used [0x00000000ec280000,0x00000000ed619668,0x00000000eda80000)
  to   space 26112K, 0% used [0x00000000ea900000,0x00000000ea900000,0x00000000ec280000)
 ParOldGen       total 146432K, used 73347K [0x00000000b5000000, 0x00000000bdf00000, 0x00000000e7000000)
  object space 146432K, 50% used [0x00000000b5000000,0x00000000b97a0e18,0x00000000bdf00000)
 Metaspace       used 75883K, capacity 85414K, committed 85652K, reserved 1122304K
  class space    used 9176K, capacity 11917K, committed 11964K, reserved 1048576K
Event: 71.894 GC heap after
Heap after GC invocations=27 (full 4):
 PSYoungGen      total 84480K, used 26097K [0x00000000e7000000, 0x00000000eed00000, 0x0000000100000000)
  eden space 58368K, 0% used [0x00000000e7000000,0x00000000e7000000,0x00000000ea900000)
  from space 26112K, 99% used [0x00000000ea900000,0x00000000ec27c680,0x00000000ec280000)
  to   space 30720K, 0% used [0x00000000ecf00000,0x00000000ecf00000,0x00000000eed00000)
 ParOldGen       total 146432K, used 76486K [0x00000000b5000000, 0x00000000bdf00000, 0x00000000e7000000)
  object space 146432K, 52% used [0x00000000b5000000,0x00000000b9ab19e0,0x00000000bdf00000)
 Metaspace       used 75883K, capacity 85414K, committed 85652K, reserved 1122304K
  class space    used 9176K, capacity 11917K, committed 11964K, reserved 1048576K
}
Event: 73.047 GC heap before
{Heap before GC invocations=28 (full 4):
 PSYoungGen      total 84480K, used 84270K [0x00000000e7000000, 0x00000000eed00000, 0x0000000100000000)
  eden space 58368K, 99% used [0x00000000e7000000,0x00000000ea8cf208,0x00000000ea900000)
  from space 26112K, 99% used [0x00000000ea900000,0x00000000ec27c680,0x00000000ec280000)
  to   space 30720K, 0% used [0x00000000ecf00000,0x00000000ecf00000,0x00000000eed00000)
 ParOldGen       total 146432K, used 76486K [0x00000000b5000000, 0x00000000bdf00000, 0x00000000e7000000)
  object space 146432K, 52% used [0x00000000b5000000,0x00000000b9ab19e0,0x00000000bdf00000)
 Metaspace       used 83206K, capacity 93220K, committed 93460K, reserved 1130496K
  class space    used 10130K, capacity 13004K, committed 13116K, reserved 1048576K
Event: 73.082 GC heap after
Heap after GC invocations=28 (full 4):
 PSYoungGen      total 91648K, used 30719K [0x00000000e7000000, 0x00000000ef800000, 0x0000000100000000)
  eden space 60928K, 0% used [0x00000000e7000000,0x00000000e7000000,0x00000000eab80000)
  from space 30720K, 99% used [0x00000000ecf00000,0x00000000eecffdd0,0x00000000eed00000)
  to   space 36352K, 0% used [0x00000000eab80000,0x00000000eab80000,0x00000000ecf00000)
 ParOldGen       total 146432K, used 80234K [0x00000000b5000000, 0x00000000bdf00000, 0x00000000e7000000)
  object space 146432K, 54% used [0x00000000b5000000,0x00000000b9e5ab80,0x00000000bdf00000)
 Metaspace       used 83206K, capacity 93220K, committed 93460K, reserved 1130496K
  class space    used 10130K, capacity 13004K, committed 13116K, reserved 1048576K
}
Event: 74.938 GC heap before
{Heap before GC invocations=29 (full 4):
 PSYoungGen      total 91648K, used 91647K [0x00000000e7000000, 0x00000000ef800000, 0x0000000100000000)
  eden space 60928K, 100% used [0x00000000e7000000,0x00000000eab80000,0x00000000eab80000)
  from space 30720K, 99% used [0x00000000ecf00000,0x00000000eecffdd0,0x00000000eed00000)
  to   space 36352K, 0% used [0x00000000eab80000,0x00000000eab80000,0x00000000ecf00000)
 ParOldGen       total 146432K, used 80234K [0x00000000b5000000, 0x00000000bdf00000, 0x00000000e7000000)
  object space 146432K, 54% used [0x00000000b5000000,0x00000000b9e5ab80,0x00000000bdf00000)
 Metaspace       used 85226K, capacity 95530K, committed 95764K, reserved 1132544K
  class space    used 10366K, capacity 13275K, committed 13372K, reserved 1048576K
Event: 75.003 GC heap after
Heap after GC invocations=29 (full 4):
 PSYoungGen      total 97280K, used 30094K [0x00000000e7000000, 0x00000000ef800000, 0x0000000100000000)
  eden space 60928K, 0% used [0x00000000e7000000,0x00000000e7000000,0x00000000eab80000)
  from space 36352K, 82% used [0x00000000eab80000,0x00000000ec8e3a68,0x00000000ecf00000)
  to   space 30720K, 0% used [0x00000000ecf00000,0x00000000ecf00000,0x00000000eed00000)
 ParOldGen       total 146432K, used 80242K [0x00000000b5000000, 0x00000000bdf00000, 0x00000000e7000000)
  object space 146432K, 54% used [0x00000000b5000000,0x00000000b9e5cb80,0x00000000bdf00000)
 Metaspace       used 85226K, capacity 95530K, committed 95764K, reserved 1132544K
  class space    used 10366K, capacity 13275K, committed 13372K, reserved 1048576K
}

Deoptimization events (10 events):
Event: 75.210 Thread 0x000000002145b000 Uncommon trap: reason=unstable_if action=reinterpret pc=0x000000000249652c method=java.net.URI.appendAuthority(Ljava/lang/StringBuffer;Ljava/lang/String;Ljava/lang/String;Ljava/lang/String;I)V @ 2
Event: 75.283 Thread 0x00000000021c0800 Uncommon trap: reason=unstable_if action=reinterpret pc=0x0000000003d6b170 method=org.eclipse.e4.core.internal.di.InjectorImpl.resolveArgs(Lorg/eclipse/e4/core/internal/di/Requestor;Lorg/eclipse/e4/core/di/suppliers/PrimaryObjectSupplier;Lorg/eclipse/e4/coOÅz–ŽÓR@
Event: 75.306 Thread 0x00000000021c0800 Uncommon trap: reason=class_check action=maybe_recompile pc=0x0000000003592d50 method=org.eclipse.emf.ecore.util.EcoreEList.contains(Ljava/lang/Object;)Z @ 53
Event: 75.356 Thread 0x00000000021c0800 Uncommon trap: reason=class_check action=maybe_recompile pc=0x0000000003592d50 method=org.eclipse.emf.ecore.util.EcoreEList.contains(Ljava/lang/Object;)Z @ 53
Event: 75.358 Thread 0x00000000021c0800 Uncommon trap: reason=unstable_if action=reinterpret pc=0x0000000003d5211c method=org.eclipse.swt.widgets.EventTable.sendEvent(Lorg/eclipse/swt/widgets/Event;)V @ 17
Event: 75.358 Thread 0x00000000021c0800 Uncommon trap: reason=unstable_if action=reinterpret pc=0x0000000003d52090 method=org.eclipse.swt.widgets.EventTable.sendEvent(Lorg/eclipse/swt/widgets/Event;)V @ 38
Event: 75.419 Thread 0x00000000021c0800 Uncommon trap: reason=class_check action=maybe_recompile pc=0x0000000003592d50 method=org.eclipse.emf.ecore.util.EcoreEList.contains(Ljava/lang/Object;)Z @ 53
Event: 75.767 Thread 0x00000000021c0800 Uncommon trap: reason=unstable_if action=reinterpret pc=0x0000000002eb14f8 method=java.util.HashMap.hash(Ljava/lang/Object;)I @ 1
Event: 75.782 Thread 0x00000000021c0800 Uncommon trap: reason=unstable_if action=reinterpret pc=0x0000000003d5eb18 method=org.eclipse.swt.widgets.Composite._getChildren()[Lorg/eclipse/swt/widgets/Control; @ 76
Event: 75.885 Thread 0x00000000021c0800 Uncommon trap: reason=null_assert action=make_not_entrant pc=0x00000000034933b0 method=org.eclipse.swt.widgets.Display.windowProc(JJJJ)J @ 143

Internal exceptions (10 events):
Event: 68.392 Thread 0x000000002145d000 Implicit null exception at 0x00000000037c5b5f to 0x00000000037c6011
Event: 71.104 Thread 0x000000002145b800 Exception <a 'java/io/FileNotFoundException'> (0x00000000e8363250) thrown at [C:\re\workspace\8-2-build-windows-amd64-cygwin\jdk8u74\6087\hotspot\src\share\vm\prims\jni.cpp, line 709]
Event: 71.104 Thread 0x000000002145b800 Exception <a 'java/io/FileNotFoundException'> (0x00000000e8365658) thrown at [C:\re\workspace\8-2-build-windows-amd64-cygwin\jdk8u74\6087\hotspot\src\share\vm\prims\jni.cpp, line 709]
Event: 71.105 Thread 0x000000002145b800 Exception <a 'java/io/FileNotFoundException'> (0x00000000e8367a60) thrown at [C:\re\workspace\8-2-build-windows-amd64-cygwin\jdk8u74\6087\hotspot\src\share\vm\prims\jni.cpp, line 709]
Event: 71.366 Thread 0x000000002145e800 Exception <a 'java/io/FileNotFoundException'> (0x00000000e8d43c50) thrown at [C:\re\workspace\8-2-build-windows-amd64-cygwin\jdk8u74\6087\hotspot\src\share\vm\prims\jni.cpp, line 709]
Event: 71.484 Thread 0x000000002145b800 Exception <a 'java/io/FileNotFoundException'> (0x00000000e90041f8) thrown at [C:\re\workspace\8-2-build-windows-amd64-cygwin\jdk8u74\6087\hotspot\src\share\vm\prims\jni.cpp, line 709]
Event: 72.408 Thread 0x0000000021465800 Implicit null exception at 0x00000000031bd898 to 0x00000000031bd9cd
Event: 72.675 Thread 0x0000000021468000 Exception <a 'java/lang/InterruptedException': sleep interrupted> (0x00000000e968a6f0) thrown at [C:\re\workspace\8-2-build-windows-amd64-cygwin\jdk8u74\6087\hotspot\src\share\vm\prims\jvm.cpp, line 3215]
Event: 72.786 Thread 0x0000000021469800 Exception <a 'java/lang/InterruptedException': sleep interrupted> (0x00000000e7f8acf0) thrown at [C:\re\workspace\8-2-build-windows-amd64-cygwin\jdk8u74\6087\hotspot\src\share\vm\prims\jvm.cpp, line 3215]
Event: 75.767 Thread 0x00000000021c0800 Implicit null exception at 0x0000000002eb1453 to 0x0000000002eb14ee

Events (10 events):
Event: 75.881 Thread 0x00000000150bd000 flushing nmethod 0x000000000271d650
Event: 75.881 Thread 0x00000000150bd000 flushing nmethod 0x000000000271e150
Event: 75.881 Thread 0x00000000150bd000 flushing nmethod 0x000000000271e510
Event: 75.881 Thread 0x00000000150bd000 flushing nmethod 0x0000000002734490
Event: 75.881 Thread 0x00000000150bd000 flushing nmethod 0x0000000002740610
Event: 75.884 Thread 0x0000000021462800 Thread added: 0x0000000021462800
Event: 75.885 Thread 0x00000000021c0800 Uncommon trap: trap_request=0xffffffec fr.pc=0x00000000034933b0
Event: 75.885 Thread 0x00000000021c0800 DEOPT PACKING pc=0x00000000034933b0 sp=0x000000000014a3c0
Event: 75.885 Thread 0x00000000021c0800 DEOPT UNPACKING pc=0x000000000237582a sp=0x000000000014a370 mode 2
Event: 75.915 Executing VM operation: RevokeBias


Dynamic libraries:
0x0000000000400000 - 0x000000000044f000 	D:\Softwares\Developement\J2EE\spring-tool-suite-3.7.3.RELEASE-e4.5.2-win32-x86_64\sts-bundle\sts-3.7.3.RELEASE\STS.exe
0x00007ffbc6560000 - 0x00007ffbc6722000 	C:\Windows\SYSTEM32\ntdll.dll
0x00007ffbc45c0000 - 0x00007ffbc466d000 	C:\Windows\system32\KERNEL32.DLL
0x00007ffbc3200000 - 0x00007ffbc33dd000 	C:\Windows\system32\KERNELBASE.dll
0x00007ffbc46e0000 - 0x00007ffbc482e000 	C:\Windows\system32\USER32.dll
0x00007ffbc4200000 - 0x00007ffbc4386000 	C:\Windows\system32\GDI32.dll
0x00007ffbc3ef0000 - 0x00007ffbc3f8d000 	C:\Windows\system32\msvcrt.dll
0x00007ffbb9a20000 - 0x00007ffbb9c94000 	C:\Windows\WinSxS\amd64_microsoft.windows.common-controls_6595b64144ccf1df_6.0.10240.16384_none_f41f7b285750ef43\COMCTL32.dll
0x00007ffbc4890000 - 0x00007ffbc48c6000 	C:\Windows\system32\IMM32.DLL
0x00007ffbc4390000 - 0x00007ffbc44ec000 	C:\Windows\system32\MSCTF.dll
0x0000000072000000 - 0x0000000072012000 	D:\Softwares\Developement\J2EE\spring-tool-suite-3.7.3.RELEASE-e4.5.2-win32-x86_64\sts-bundle\sts-3.7.3.RELEASE\plugins\org.eclipse.equinox.launcher.win32.win32.x86_64_1.1.300.v20150602-1417\eclipse_1611.dll
0x00007ffbc4510000 - 0x00007ffbc45b6000 	C:\Windows\system32\ADVAPI32.dll
0x00007ffbc3c60000 - 0x00007ffbc3cbb000 	C:\Windows\system32\sechost.dll
0x00007ffbc3f90000 - 0x00007ffbc40b6000 	C:\Windows\system32\RPCRT4.dll
0x00007ffbaf280000 - 0x00007ffbaf28a000 	C:\Windows\SYSTEM32\VERSION.dll
0x00000000601b0000 - 0x0000000060a40000 	C:\Program Files\Java\jre1.8.0_74\bin\server\jvm.dll
0x00007ffbc3c30000 - 0x00007ffbc3c38000 	C:\Windows\system32\PSAPI.DLL
0x00007ffbacaa0000 - 0x00007ffbacaa9000 	C:\Windows\SYSTEM32\WSOCK32.dll
0x00007ffbc4670000 - 0x00007ffbc46d9000 	C:\Windows\system32\WS2_32.dll
0x00007ffbc3c40000 - 0x00007ffbc3c48000 	C:\Windows\system32\NSI.dll
0x00007ffbc1410000 - 0x00007ffbc1433000 	C:\Windows\SYSTEM32\WINMM.dll
0x0000000061490000 - 0x0000000061562000 	C:\Windows\SYSTEM32\MSVCR100.dll
0x00007ffbc13e0000 - 0x00007ffbc140c000 	C:\Windows\SYSTEM32\WINMMBASE.dll
0x00007ffbc33e0000 - 0x00007ffbc3424000 	C:\Windows\system32\cfgmgr32.dll
0x00007ffbc1730000 - 0x00007ffbc1757000 	C:\Windows\SYSTEM32\DEVOBJ.dll
0x00000000601a0000 - 0x00000000601af000 	C:\Program Files\Java\jre1.8.0_74\bin\verify.dll
0x0000000060170000 - 0x0000000060199000 	C:\Program Files\Java\jre1.8.0_74\bin\java.dll
0x0000000060150000 - 0x0000000060166000 	C:\Program Files\Java\jre1.8.0_74\bin\zip.dll
0x00007ffbc4e30000 - 0x00007ffbc6352000 	C:\Windows\system32\SHELL32.dll
0x00007ffbc3540000 - 0x00007ffbc3b68000 	C:\Windows\system32\windows.storage.dll
0x00007ffbc4bb0000 - 0x00007ffbc4e2c000 	C:\Windows\system32\combase.dll
0x00007ffbc4830000 - 0x00007ffbc4881000 	C:\Windows\system32\shlwapi.dll
0x00007ffbc3020000 - 0x00007ffbc302f000 	C:\Windows\system32\kernel.appcore.dll
0x00007ffbc3b70000 - 0x00007ffbc3c23000 	C:\Windows\system32\shcore.dll
0x00007ffbc2fd0000 - 0x00007ffbc301a000 	C:\Windows\system32\powrprof.dll
0x00007ffbc2fb0000 - 0x00007ffbc2fc3000 	C:\Windows\system32\profapi.dll
0x00007ffbc2860000 - 0x00007ffbc2877000 	C:\Windows\SYSTEM32\CRYPTSP.dll
0x00007ffbc2ec0000 - 0x00007ffbc2ee8000 	C:\Windows\SYSTEM32\bcrypt.dll
0x00007ffbc24b0000 - 0x00007ffbc24e3000 	C:\Windows\system32\rsaenh.dll
0x00007ffbc25a0000 - 0x00007ffbc25bf000 	C:\Windows\SYSTEM32\USERENV.dll
0x00007ffbc2db0000 - 0x00007ffbc2e1b000 	C:\Windows\system32\bcryptprimitives.dll
0x00007ffbc29d0000 - 0x00007ffbc29db000 	C:\Windows\SYSTEM32\CRYPTBASE.dll
0x0000000060130000 - 0x000000006014a000 	C:\Program Files\Java\jre1.8.0_74\bin\net.dll
0x00007ffbc2800000 - 0x00007ffbc285d000 	C:\Windows\system32\mswsock.dll
0x00007ffbbfcb0000 - 0x00007ffbbfce8000 	C:\Windows\SYSTEM32\IPHLPAPI.DLL
0x00007ffbbfc30000 - 0x00007ffbbfc3b000 	C:\Windows\SYSTEM32\WINNSI.DLL
0x00007ffbbcdd0000 - 0x00007ffbbcde6000 	C:\Windows\SYSTEM32\dhcpcsvc6.DLL
0x00007ffbbcd70000 - 0x00007ffbbcd8a000 	C:\Windows\SYSTEM32\dhcpcsvc.DLL
0x0000000060110000 - 0x0000000060121000 	C:\Program Files\Java\jre1.8.0_74\bin\nio.dll
0x00007ffbc1690000 - 0x00007ffbc1726000 	C:\Windows\system32\uxtheme.dll
0x00007ffbad4f0000 - 0x00007ffbad505000 	C:\Windows\system32\napinsp.dll
0x00007ffbad490000 - 0x00007ffbad4aa000 	C:\Windows\system32\pnrpnsp.dll
0x00007ffbc0930000 - 0x00007ffbc0948000 	C:\Windows\system32\NLAapi.dll
0x00007ffbc2600000 - 0x00007ffbc26a8000 	C:\Windows\SYSTEM32\DNSAPI.dll
0x00007ffbad480000 - 0x00007ffbad48d000 	C:\Windows\System32\winrnr.dll
0x00007ffbad460000 - 0x00007ffbad475000 	C:\Windows\system32\wshbth.dll
0x00007ffbba490000 - 0x00007ffbba49a000 	C:\Windows\System32\rasadhlp.dll
0x00007ffbbce60000 - 0x00007ffbbcec8000 	C:\Windows\System32\fwpuclnt.dll
0x000000001b820000 - 0x000000001b8c8000 	D:\Softwares\Developement\J2EE\spring-tool-suite-3.7.3.RELEASE-e4.5.2-win32-x86_64\sts-bundle\sts-3.7.3.RELEASE\configuration\org.eclipse.osgi\767\0\.cp\swt-win32-4530.dll
0x00007ffbc6410000 - 0x00007ffbc6551000 	C:\Windows\system32\ole32.dll
0x00007ffbc4940000 - 0x00007ffbc49fe000 	C:\Windows\system32\OLEAUT32.dll
0x00007ffbc4120000 - 0x00007ffbc41f7000 	C:\Windows\system32\comdlg32.dll
0x00007ffbc3030000 - 0x00007ffbc31f1000 	C:\Windows\system32\CRYPT32.dll
0x00007ffbc2f90000 - 0x00007ffbc2fa1000 	C:\Windows\system32\MSASN1.dll
0x00007ffbbdca0000 - 0x00007ffbbdd24000 	C:\Windows\SYSTEM32\WINSPOOL.DRV
0x00007ffb96300000 - 0x00007ffb96318000 	C:\Windows\SYSTEM32\USP10.dll
0x00007ffbba520000 - 0x00007ffbba7e1000 	C:\Windows\SYSTEM32\WININET.dll
0x00007ffbc0600000 - 0x00007ffbc0622000 	C:\Windows\system32\dwmapi.dll
0x00007ffbc0ac0000 - 0x00007ffbc0c43000 	C:\Windows\SYSTEM32\propsys.dll
0x00007ffbc6360000 - 0x00007ffbc6405000 	C:\Windows\system32\clbcatq.dll
0x00007ffba5a10000 - 0x00007ffba5a1d000 	C:\Windows\SYSTEM32\LINKINFO.dll
0x000000001b930000 - 0x000000001b94e000 	D:\Softwares\Developement\J2EE\spring-tool-suite-3.7.3.RELEASE-e4.5.2-win32-x86_64\sts-bundle\sts-3.7.3.RELEASE\configuration\org.eclipse.osgi\767\0\.cp\swt-gdip-win32-4530.dll
0x00007ffbb9f20000 - 0x00007ffbba0c8000 	C:\Windows\WinSxS\amd64_microsoft.windows.gdiplus_6595b64144ccf1df_1.1.10240.16603_none_89ad014f9af1a159\gdiplus.dll
0x00007ffbbd7d0000 - 0x00007ffbbd982000 	C:\Windows\SYSTEM32\WindowsCodecs.dll
0x00007ffbba2e0000 - 0x00007ffbba349000 	C:\Windows\SYSTEM32\oleacc.dll
0x0000000180000000 - 0x0000000180054000 	C:\Program Files\UniKey\UKHook40.dll
0x00007ffba3e30000 - 0x00007ffba42c0000 	C:\Windows\system32\explorerframe.dll
0x00007ffba2030000 - 0x00007ffba207b000 	C:\Windows\System32\thumbcache.dll
0x00007ffba9f60000 - 0x00007ffba9fa6000 	C:\Windows\system32\dataexchange.dll
0x00007ffbbb370000 - 0x00007ffbbb8b5000 	C:\Windows\system32\d2d1.dll
0x00007ffbc02a0000 - 0x00007ffbc0543000 	C:\Windows\system32\d3d11.dll
0x00007ffbc0f80000 - 0x00007ffbc1051000 	C:\Windows\system32\dcomp.dll
0x00007ffbc0100000 - 0x00007ffbc019c000 	C:\Windows\system32\dxgi.dll
0x00007ffbc1780000 - 0x00007ffbc186e000 	C:\Windows\system32\twinapi.appcore.dll
0x00007ffbc2bb0000 - 0x00007ffbc2bdc000 	C:\Windows\SYSTEM32\SspiCli.dll
0x00007ffba6e90000 - 0x00007ffba72fa000 	C:\Windows\System32\ActXPrxy.dll
0x00007ffbc2020000 - 0x00007ffbc203c000 	C:\Windows\SYSTEM32\MPR.dll
0x00007ffbbc300000 - 0x00007ffbbc30b000 	C:\Windows\System32\drprov.dll
0x00007ffbc2060000 - 0x00007ffbc20b8000 	C:\Windows\System32\WINSTA.dll
0x00007ffba60c0000 - 0x00007ffba60d6000 	C:\Windows\System32\ntlanman.dll
0x00007ffb96ec0000 - 0x00007ffb96ee0000 	C:\Windows\System32\davclnt.dll
0x00007ffb96eb0000 - 0x00007ffb96ebc000 	C:\Windows\System32\DAVHLPR.dll
0x00007ffbc2370000 - 0x00007ffbc2386000 	C:\Windows\System32\wkscli.dll
0x00007ffbac740000 - 0x00007ffbac752000 	C:\Windows\SYSTEM32\cscapi.dll
0x00007ffbc23b0000 - 0x00007ffbc23bc000 	C:\Windows\System32\netutils.dll
0x00007ffbc1510000 - 0x00007ffbc1588000 	C:\Windows\SYSTEM32\apphelp.dll
0x00007ffb96de0000 - 0x00007ffb96e5f000 	C:\Windows\System32\dlnashext.dll
0x00007ffb96d50000 - 0x00007ffb96dc1000 	C:\Windows\System32\PlayToDevice.dll
0x00007ffb9ee70000 - 0x00007ffb9ee79000 	C:\Program Files (x86)\Internet Download Manager\IDMShellExt64.dll
0x00007ffb9ed60000 - 0x00007ffb9ee20000 	C:\Program Files (x86)\Google\Drive\googledrivesync64.dll
0x0000000060b10000 - 0x0000000060be3000 	C:\Windows\WinSxS\amd64_microsoft.vc90.crt_1fc8b3b9a1e18e3b_9.0.30729.9158_none_08e47e47a83d53d6\MSVCP90.dll
0x0000000060a60000 - 0x0000000060b03000 	C:\Windows\WinSxS\amd64_microsoft.vc90.crt_1fc8b3b9a1e18e3b_9.0.30729.9158_none_08e47e47a83d53d6\MSVCR90.dll
0x0000000060a40000 - 0x0000000060a60000 	C:\Program Files\Common Files\TortoiseOverlays\TortoiseOverlays.dll
0x0000000060f50000 - 0x0000000060f69000 	F:\Program Files (x86)\SVN\bin\TortoiseStub.dll
0x0000000060ec0000 - 0x0000000060f46000 	F:\Program Files (x86)\SVN\bin\TortoiseSVN.dll
0x00007ffb9f1e0000 - 0x00007ffb9f789000 	F:\Program Files (x86)\SVN\bin\libsvn_tsvn.dll
0x0000000060e80000 - 0x0000000060eb3000 	F:\Program Files (x86)\SVN\bin\libapr_tsvn.dll
0x00007ffb9f8a0000 - 0x00007ffb9f8b2000 	F:\Program Files (x86)\SVN\bin\intl3_tsvn.dll
0x00007ffb9f790000 - 0x00007ffb9f82e000 	F:\Program Files (x86)\SVN\bin\MSVCP140.dll
0x00007ffb9f1c0000 - 0x00007ffb9f1d7000 	F:\Program Files (x86)\SVN\bin\VCRUNTIME140.dll
0x00007ffbbd250000 - 0x00007ffbbd342000 	C:\Windows\SYSTEM32\ucrtbase.dll
0x0000000060bf0000 - 0x0000000060c35000 	F:\Program Files (x86)\SVN\bin\libaprutil_tsvn.dll
0x00007ffb9f140000 - 0x00007ffb9f15a000 	F:\Program Files (x86)\SVN\bin\libsasl.dll
0x00007ffbc3e90000 - 0x00007ffbc3eeb000 	C:\Windows\system32\WLDAP32.dll
0x00007ffbbfc50000 - 0x00007ffbbfc5c000 	C:\Windows\SYSTEM32\Secur32.dll
0x00007ffb9f030000 - 0x00007ffb9f05f000 	F:\Program Files (x86)\SVN\bin\crshhndl.dll
0x00007ffba1810000 - 0x00007ffba184c000 	C:\Program Files (x86)\Dropbox\Client\DropboxExt64.34.dll
0x00007ffb96ab0000 - 0x00007ffb96c42000 	C:\Users\cuong\AppData\Local\Microsoft\OneDrive\17.3.6302.0225\amd64\FileSyncShell64.dll
0x00007ffb968b0000 - 0x00007ffb9699f000 	C:\Users\cuong\AppData\Local\Microsoft\OneDrive\17.3.6302.0225\amd64\MSVCR120.dll
0x00007ffb969a0000 - 0x00007ffb96a46000 	C:\Users\cuong\AppData\Local\Microsoft\OneDrive\17.3.6302.0225\amd64\MSVCP120.dll
0x00007ffba5bf0000 - 0x00007ffba5c0e000 	C:\Windows\System32\DevDispItemProvider.dll
0x00007ffb99660000 - 0x00007ffb99874000 	C:\Program Files\Microsoft Office\root\Office16\GROOVEEX.DLL
0x00007ffbbbae0000 - 0x00007ffbbbe1d000 	C:\Windows\SYSTEM32\msi.dll
0x00007ffbbdf50000 - 0x00007ffbbdfc2000 	C:\Windows\System32\MMDevApi.dll
0x000000001eed0000 - 0x000000001f74e000 	C:\Program Files\Microsoft Office\root\Office16\1033\GrooveIntlResource.dll
0x00007ffb964e0000 - 0x00007ffb96517000 	C:\Windows\System32\EhStorShell.dll
0x00007ffbc3cc0000 - 0x00007ffbc3e85000 	C:\Windows\system32\SETUPAPI.dll
0x00007ffb97e40000 - 0x00007ffb97f04000 	C:\Windows\System32\cscui.dll

VM Arguments:
jvm_args: -Dosgi.requiredJavaVersion=1.7 -Xms40m -XX:MaxPermSize=256m -Xverify:none -Dorg.eclipse.swt.browser.IEVersion=10001 -Xmx1200m 
java_command: <unknown>
java_class_path (initial): D:\Softwares\Developement\J2EE\spring-tool-suite-3.7.3.RELEASE-e4.5.2-win32-x86_64\sts-bundle\sts-3.7.3.RELEASE\\plugins/org.eclipse.equinox.launcher_1.3.100.v20150511-1540.jar
Launcher Type: generic

Environment Variables:
CLASSPATH=.;C:\Program Files (x86)\Java\jre1.8.0_73\lib\ext\QTJava.zip
PATH=C:/Program Files/Java/jre1.8.0_74/bin/server;C:/Program Files/Java/jre1.8.0_74/bin;C:/Program Files/Java/jre1.8.0_74/lib/amd64;C:\Program Files (x86)\Intel\iCLS Client\;C:\Program Files\Intel\iCLS Client\;C:\ProgramData\Oracle\Java\javapath;C:\Windows\system32;C:\Windows;C:\Windows\System32\Wbem;C:\Windows\System32\WindowsPowerShell\v1.0\;C:\Program Files (x86)\GtkSharp\2.12\bin;C:\Program Files (x86)\Skype\Phone\;C:\Program Files\Microsoft SQL Server\120\Tools\Binn\;C:\Program Files (x86)\Windows Kits\10\Windows Performance Toolkit\;C:\Program Files (x86)\nodejs\;C:\Program Files\Git\cmd;C:\Program Files (x86)\QuickTime\QTSystem\;C:\Program Files\Intel\Intel(R) Management Engine Components\DAL;C:\Program Files\Intel\Intel(R) Management Engine Components\IPT;C:\Program Files (x86)\Intel\Intel(R) Management Engine Components\DAL;C:\Program Files (x86)\Intel\Intel(R) Management Engine Components\IPT;C:\Program Files\Microsoft\Web Platform Installer\;F:\Program Files (x86)\SVN\bin;C:\Program Files\Microsoft SQL Server\Client SDK\ODBC\110\Tools\Binn\;C:\Program Files (x86)\Microsoft SQL Server\120\Tools\Binn\;C:\Program Files\Microsoft SQL Server\120\DTS\Binn\;C:\Program Files (x86)\Microsoft SQL Server\120\Tools\Binn\ManagementStudio\;C:\Program Files (x86)\Microsoft SQL Server\120\DTS\Binn\;C:\Program Files (x86)\MySQL\MySQL Fabric 1.5 & MySQL Utilities 1.5\;C:\Program Files (x86)\MySQL\MySQL Fabric 1.5 & MySQL Utilities 1.5\Doctrine extensions for PHP\;C:\Users\cuong\AppData\Roaming\npm;D:\GitHub\Quan-Ly-Can-Bo-Thanh-Doan\source\qlcb;
USERNAME=cuong
OS=Windows_NT
PROCESSOR_IDENTIFIER=Intel64 Family 6 Model 58 Stepping 9, GenuineIntel



---------------  S Y S T E M  ---------------

OS: Windows 10.0 , 64 bit Build 10240 (10.0.10240.16384)

CPU:total 4 (2 cores per cpu, 2 threads per core) family 6 model 58 stepping 9, cmov, cx8, fxsr, mmx, sse, sse2, sse3, ssse3, sse4.1, sse4.2, popcnt, avx, aes, clmul, erms, ht, tsc, tscinvbit, tscinv

Memory: 4k page, physical 8247872k(1508996k free), swap 8247872k(5168k free)

vm_info: Java HotSpot(TM) 64-Bit Server VM (25.74-b02) for windows-amd64 JRE (1.8.0_74-b02), built on Jan 29 2016 17:42:36 by "java_re" with MS VC++ 10.0 (VS2010)

time: Mon Apr 11 10:06:10 2016
elapsed time: 75 seconds (0d 0h 1m 15s)

